#
# There is insufficient memory for the Java Runtime Environment to continue.
# Native memory allocation (malloc) failed to allocate 937936 bytes for Chunk::new
# Possible reasons:
#   The system is out of physical RAM or swap space
#   The process is running with CompressedOops enabled, and the Java Heap may be blocking the growth of the native heap
# Possible solutions:
#   Reduce memory load on the system
#   Increase physical memory or swap space
#   Check if swap backing store is full
#   Decrease Java heap size (-Xmx/-Xms)
#   Decrease number of Java threads
#   Decrease Java thread stack sizes (-Xss)
#   Set larger code cache with -XX:ReservedCodeCacheSize=
#   JVM is running with Unscaled Compressed Oops mode in which the Java heap is
#     placed in the first 4GB address space. The Java Heap base address is the
#     maximum limit for the native heap growth. Please use -XX:HeapBaseMinAddress
#     to set the Java Heap base and to place the Java Heap above 4GB virtual address.
# This output file may be truncated or incomplete.
#
#  Out of Memory Error (./open/src/hotspot/share/memory/arena.cpp:197), pid=27300, tid=268
#
# JRE version: Java(TM) SE Runtime Environment 18.9 (11.0.18+9) (build 11.0.18+9-LTS-195)
# Java VM: Java HotSpot(TM) 64-Bit Server VM 18.9 (11.0.18+9-LTS-195, mixed mode, tiered, compressed oops, g1 gc, windows-amd64)
# No core dump will be written. Minidumps are not enabled by default on client versions of Windows
#

---------------  S U M M A R Y ------------

Command Line: org.jetbrains.kotlin.cli.jvm.K2JVMCompiler @C:\jail project\jcms\node_modules\react-native-gesture-handler\android\build\20230620_17129682886162602567.compiler.options

Host: AMD Ryzen 5 5600H with Radeon Graphics         , 12 cores, 7G,  Windows 11 , 64 bit Build 22621 (10.0.22621.1778)
Time: Tue Jun 20 12:52:42 2023 India Standard Time elapsed time: 13.052284 seconds (0d 0h 0m 13s)

---------------  T H R E A D  ---------------

Current thread (0x000002495325d800):  JavaThread "C2 CompilerThread1" daemon [_thread_in_native, id=268, stack(0x000000ee05100000,0x000000ee05200000)]


Current CompileTask:
C2:  13052 7940       4       org.jetbrains.kotlin.resolve.OverridingUtil::filterOutOverridden (61 bytes)

Stack: [0x000000ee05100000,0x000000ee05200000]
Native frames: (J=compiled Java code, j=interpreted, Vv=VM code, C=native code)
V  [jvm.dll+0x65d8aa]
V  [jvm.dll+0x79fc1f]
V  [jvm.dll+0x7a12e9]
V  [jvm.dll+0x7a1983]
V  [jvm.dll+0x2585b5]
V  [jvm.dll+0xb284c]
V  [jvm.dll+0xb2e0c]
V  [jvm.dll+0x365ddf]
V  [jvm.dll+0x32eb15]
V  [jvm.dll+0x32defa]
V  [jvm.dll+0x2113ad]
V  [jvm.dll+0x210378]
V  [jvm.dll+0x18c641]
V  [jvm.dll+0x220609]
V  [jvm.dll+0x21e92c]
V  [jvm.dll+0x763f61]
V  [jvm.dll+0x75c924]
V  [jvm.dll+0x65c755]
C  [ucrtbase.dll+0x29363]
C  [KERNEL32.DLL+0x126ad]
C  [ntdll.dll+0x5a9f8]


---------------  P R O C E S S  ---------------

Threads class SMR info:
_java_thread_list=0x00000249501cfd00, length=11, elements={
0x0000024931034000, 0x000002494eec2800, 0x000002494eecb800, 0x000002494eedb000,
0x000002494eedd000, 0x000002494eee0800, 0x000002494eee1800, 0x000002494f7f8800,
0x000002494f7fc000, 0x000002494f9b3000, 0x000002495325d800
}

Java Threads: ( => current thread )
  0x0000024931034000 JavaThread "main" [_thread_in_Java, id=32904, stack(0x000000ee03d00000,0x000000ee03e00000)]
  0x000002494eec2800 JavaThread "Reference Handler" daemon [_thread_blocked, id=37928, stack(0x000000ee04400000,0x000000ee04500000)]
  0x000002494eecb800 JavaThread "Finalizer" daemon [_thread_blocked, id=25516, stack(0x000000ee04500000,0x000000ee04600000)]
  0x000002494eedb000 JavaThread "Signal Dispatcher" daemon [_thread_blocked, id=9472, stack(0x000000ee04600000,0x000000ee04700000)]
  0x000002494eedd000 JavaThread "Attach Listener" daemon [_thread_blocked, id=38060, stack(0x000000ee04700000,0x000000ee04800000)]
  0x000002494eee0800 JavaThread "Service Thread" daemon [_thread_blocked, id=32140, stack(0x000000ee04800000,0x000000ee04900000)]
  0x000002494eee1800 JavaThread "C2 CompilerThread0" daemon [_thread_in_native, id=35804, stack(0x000000ee04900000,0x000000ee04a00000)]
  0x000002494f7f8800 JavaThread "C1 CompilerThread0" daemon [_thread_in_vm, id=29528, stack(0x000000ee04a00000,0x000000ee04b00000)]
  0x000002494f7fc000 JavaThread "Sweeper thread" daemon [_thread_blocked, id=12356, stack(0x000000ee04b00000,0x000000ee04c00000)]
  0x000002494f9b3000 JavaThread "Common-Cleaner" daemon [_thread_blocked, id=27180, stack(0x000000ee04d00000,0x000000ee04e00000)]
=>0x000002495325d800 JavaThread "C2 CompilerThread1" daemon [_thread_in_native, id=268, stack(0x000000ee05100000,0x000000ee05200000)]

Other Threads:
  0x000002494eebe800 VMThread "VM Thread" [stack: 0x000000ee04300000,0x000000ee04400000] [id=24176]
  0x000002494f9a2000 WatcherThread [stack: 0x000000ee04c00000,0x000000ee04d00000] [id=21444]
  0x0000024931048000 GCTaskThread "GC Thread#0" [stack: 0x000000ee03e00000,0x000000ee03f00000] [id=10248]
  0x000002494ff46000 GCTaskThread "GC Thread#1" [stack: 0x000000ee05000000,0x000000ee05100000] [id=36728]
  0x0000024954156800 GCTaskThread "GC Thread#2" [stack: 0x000000ee05200000,0x000000ee05300000] [id=24440]
  0x0000024931076800 ConcurrentGCThread "G1 Main Marker" [stack: 0x000000ee03f00000,0x000000ee04000000] [id=22748]
  0x0000024931078800 ConcurrentGCThread "G1 Conc#0" [stack: 0x000000ee04000000,0x000000ee04100000] [id=16932]
  0x0000024950266800 ConcurrentGCThread "G1 Conc#1" [stack: 0x000000ee04e00000,0x000000ee04f00000] [id=20992]
  0x0000024950045000 ConcurrentGCThread "G1 Conc#2" [stack: 0x000000ee04f00000,0x000000ee05000000] [id=23428]
  0x00000249310fe000 ConcurrentGCThread "G1 Refine#0" [stack: 0x000000ee04100000,0x000000ee04200000] [id=28344]
  0x000002494ed08800 ConcurrentGCThread "G1 Young RemSet Sampling" [stack: 0x000000ee04200000,0x000000ee04300000] [id=664]

Threads with active compile tasks:
C2 CompilerThread0    13083 8020       4       org.jetbrains.kotlin.metadata.ProtoBuf$Function::getSerializedSize (512 bytes)
C1 CompilerThread0    13083 8044       3       org.jetbrains.kotlin.load.kotlin.AbstractBinaryClassAnnotationAndConstantLoader::loadAnnotationIfNotSpecial (25 bytes)
C2 CompilerThread1    13083 7940       4       org.jetbrains.kotlin.resolve.OverridingUtil::filterOutOverridden (61 bytes)

VM state:not at safepoint (normal execution)

VM Mutex/Monitor currently owned by a thread: None

Heap address: 0x000000008a600000, size: 1882 MB, Compressed Oops mode: 32-bit
Narrow klass base: 0x0000000000000000, Narrow klass shift: 3
Compressed class space size: 1073741824 Address: 0x0000000100000000

Heap:
 garbage-first heap   total 176128K, used 83859K [0x000000008a600000, 0x0000000100000000)
  region size 1024K, 40 young (40960K), 7 survivors (7168K)
 Metaspace       used 62168K, capacity 62943K, committed 63184K, reserved 1105920K
  class space    used 7205K, capacity 7550K, committed 7552K, reserved 1048576K
Heap Regions: E=young(eden), S=young(survivor), O=old, HS=humongous(starts), HC=humongous(continues), CS=collection set, F=free, A=archive, TAMS=top-at-mark-start (previous, next)
|   0|0x000000008a600000, 0x000000008a700000, 0x000000008a700000|100%|HS|  |TAMS 0x000000008a700000, 0x000000008a600000| Complete 
|   1|0x000000008a700000, 0x000000008a800000, 0x000000008a800000|100%|HC|  |TAMS 0x000000008a800000, 0x000000008a700000| Complete 
|   2|0x000000008a800000, 0x000000008a900000, 0x000000008a900000|100%|HC|  |TAMS 0x000000008a900000, 0x000000008a800000| Complete 
|   3|0x000000008a900000, 0x000000008aa00000, 0x000000008aa00000|100%|HS|  |TAMS 0x000000008aa00000, 0x000000008a900000| Complete 
|   4|0x000000008aa00000, 0x000000008ab00000, 0x000000008ab00000|100%|HC|  |TAMS 0x000000008ab00000, 0x000000008aa00000| Complete 
|   5|0x000000008ab00000, 0x000000008ac00000, 0x000000008ac00000|100%|HC|  |TAMS 0x000000008ac00000, 0x000000008ab00000| Complete 
|   6|0x000000008ac00000, 0x000000008ad00000, 0x000000008ad00000|100%|HS|  |TAMS 0x000000008ad00000, 0x000000008ac00000| Complete 
|   7|0x000000008ad00000, 0x000000008ae00000, 0x000000008ae00000|100%|HC|  |TAMS 0x000000008ae00000, 0x000000008ad00000| Complete 
|   8|0x000000008ae00000, 0x000000008af00000, 0x000000008af00000|100%| O|  |TAMS 0x000000008af00000, 0x000000008ae00000| Untracked 
|   9|0x000000008af00000, 0x000000008b000000, 0x000000008b000000|100%| O|  |TAMS 0x000000008b000000, 0x000000008af00000| Untracked 
|  10|0x000000008b000000, 0x000000008b100000, 0x000000008b100000|100%| O|  |TAMS 0x000000008b100000, 0x000000008b000000| Untracked 
|  11|0x000000008b100000, 0x000000008b200000, 0x000000008b200000|100%| O|  |TAMS 0x000000008b200000, 0x000000008b100000| Untracked 
|  12|0x000000008b200000, 0x000000008b300000, 0x000000008b300000|100%| O|  |TAMS 0x000000008b300000, 0x000000008b200000| Untracked 
|  13|0x000000008b300000, 0x000000008b400000, 0x000000008b400000|100%| O|  |TAMS 0x000000008b400000, 0x000000008b300000| Untracked 
|  14|0x000000008b400000, 0x000000008b500000, 0x000000008b500000|100%| O|  |TAMS 0x000000008b500000, 0x000000008b400000| Untracked 
|  15|0x000000008b500000, 0x000000008b600000, 0x000000008b600000|100%| O|  |TAMS 0x000000008b600000, 0x000000008b500000| Untracked 
|  16|0x000000008b600000, 0x000000008b700000, 0x000000008b700000|100%| O|  |TAMS 0x000000008b700000, 0x000000008b600000| Untracked 
|  17|0x000000008b700000, 0x000000008b800000, 0x000000008b800000|100%| O|  |TAMS 0x000000008b800000, 0x000000008b700000| Untracked 
|  18|0x000000008b800000, 0x000000008b900000, 0x000000008b900000|100%| O|  |TAMS 0x000000008b900000, 0x000000008b800000| Untracked 
|  19|0x000000008b900000, 0x000000008ba00000, 0x000000008ba00000|100%| O|  |TAMS 0x000000008ba00000, 0x000000008b900000| Untracked 
|  20|0x000000008ba00000, 0x000000008bb00000, 0x000000008bb00000|100%| O|  |TAMS 0x000000008bb00000, 0x000000008ba00000| Untracked 
|  21|0x000000008bb00000, 0x000000008bc00000, 0x000000008bc00000|100%| O|  |TAMS 0x000000008bc00000, 0x000000008bb00000| Untracked 
|  22|0x000000008bc00000, 0x000000008bd00000, 0x000000008bd00000|100%| O|  |TAMS 0x000000008bd00000, 0x000000008bc00000| Untracked 
|  23|0x000000008bd00000, 0x000000008be00000, 0x000000008be00000|100%| O|  |TAMS 0x000000008be00000, 0x000000008bd00000| Untracked 
|  24|0x000000008be00000, 0x000000008bf00000, 0x000000008bf00000|100%| O|  |TAMS 0x000000008bf00000, 0x000000008be00000| Untracked 
|  25|0x000000008bf00000, 0x000000008c000000, 0x000000008c000000|100%| O|  |TAMS 0x000000008c000000, 0x000000008bf00000| Untracked 
|  26|0x000000008c000000, 0x000000008c100000, 0x000000008c100000|100%| O|  |TAMS 0x000000008c100000, 0x000000008c000000| Untracked 
|  27|0x000000008c100000, 0x000000008c200000, 0x000000008c200000|100%| O|  |TAMS 0x000000008c200000, 0x000000008c100000| Untracked 
|  28|0x000000008c200000, 0x000000008c300000, 0x000000008c300000|100%| O|  |TAMS 0x000000008c300000, 0x000000008c200000| Untracked 
|  29|0x000000008c300000, 0x000000008c400000, 0x000000008c400000|100%| O|  |TAMS 0x000000008c400000, 0x000000008c300000| Untracked 
|  30|0x000000008c400000, 0x000000008c500000, 0x000000008c500000|100%| O|  |TAMS 0x000000008c500000, 0x000000008c400000| Untracked 
|  31|0x000000008c500000, 0x000000008c600000, 0x000000008c600000|100%| O|  |TAMS 0x000000008c600000, 0x000000008c500000| Untracked 
|  32|0x000000008c600000, 0x000000008c700000, 0x000000008c700000|100%| O|  |TAMS 0x000000008c700000, 0x000000008c600000| Untracked 
|  33|0x000000008c700000, 0x000000008c800000, 0x000000008c800000|100%| O|  |TAMS 0x000000008c800000, 0x000000008c700000| Untracked 
|  34|0x000000008c800000, 0x000000008c900000, 0x000000008c900000|100%| O|  |TAMS 0x000000008c900000, 0x000000008c800000| Untracked 
|  35|0x000000008c900000, 0x000000008ca00000, 0x000000008ca00000|100%| O|  |TAMS 0x000000008ca00000, 0x000000008c900000| Untracked 
|  36|0x000000008ca00000, 0x000000008cb00000, 0x000000008cb00000|100%| O|  |TAMS 0x000000008cb00000, 0x000000008ca00000| Untracked 
|  37|0x000000008cb00000, 0x000000008cc00000, 0x000000008cc00000|100%| O|  |TAMS 0x000000008cc00000, 0x000000008cb00000| Untracked 
|  38|0x000000008cc00000, 0x000000008cd00000, 0x000000008cd00000|100%| O|  |TAMS 0x000000008cd00000, 0x000000008cc00000| Untracked 
|  39|0x000000008cd00000, 0x000000008ce00000, 0x000000008ce00000|100%| O|  |TAMS 0x000000008ce00000, 0x000000008cd00000| Untracked 
|  40|0x000000008ce00000, 0x000000008cf00000, 0x000000008cf00000|100%| O|  |TAMS 0x000000008ce52400, 0x000000008ce00000| Untracked 
|  41|0x000000008cf00000, 0x000000008d000000, 0x000000008d000000|100%| O|  |TAMS 0x000000008cf00000, 0x000000008cf00000| Untracked 
|  42|0x000000008d000000, 0x000000008d0e4e00, 0x000000008d100000| 89%| O|  |TAMS 0x000000008d000000, 0x000000008d000000| Untracked 
|  43|0x000000008d100000, 0x000000008d100000, 0x000000008d200000|  0%| F|  |TAMS 0x000000008d100000, 0x000000008d100000| Untracked 
|  44|0x000000008d200000, 0x000000008d200000, 0x000000008d300000|  0%| F|  |TAMS 0x000000008d200000, 0x000000008d200000| Untracked 
|  45|0x000000008d300000, 0x000000008d300000, 0x000000008d400000|  0%| F|  |TAMS 0x000000008d300000, 0x000000008d300000| Untracked 
|  46|0x000000008d400000, 0x000000008d400000, 0x000000008d500000|  0%| F|  |TAMS 0x000000008d400000, 0x000000008d400000| Untracked 
|  47|0x000000008d500000, 0x000000008d500000, 0x000000008d600000|  0%| F|  |TAMS 0x000000008d500000, 0x000000008d500000| Untracked 
|  48|0x000000008d600000, 0x000000008d600000, 0x000000008d700000|  0%| F|  |TAMS 0x000000008d600000, 0x000000008d600000| Untracked 
|  49|0x000000008d700000, 0x000000008d700000, 0x000000008d800000|  0%| F|  |TAMS 0x000000008d700000, 0x000000008d700000| Untracked 
|  50|0x000000008d800000, 0x000000008d800000, 0x000000008d900000|  0%| F|  |TAMS 0x000000008d800000, 0x000000008d800000| Untracked 
|  51|0x000000008d900000, 0x000000008d900000, 0x000000008da00000|  0%| F|  |TAMS 0x000000008d900000, 0x000000008d900000| Untracked 
|  52|0x000000008da00000, 0x000000008da00000, 0x000000008db00000|  0%| F|  |TAMS 0x000000008da00000, 0x000000008da00000| Untracked 
|  53|0x000000008db00000, 0x000000008db00000, 0x000000008dc00000|  0%| F|  |TAMS 0x000000008db00000, 0x000000008db00000| Untracked 
|  54|0x000000008dc00000, 0x000000008dc00000, 0x000000008dd00000|  0%| F|  |TAMS 0x000000008dc00000, 0x000000008dc00000| Untracked 
|  55|0x000000008dd00000, 0x000000008dd00000, 0x000000008de00000|  0%| F|  |TAMS 0x000000008dd00000, 0x000000008dd00000| Untracked 
|  56|0x000000008de00000, 0x000000008de00000, 0x000000008df00000|  0%| F|  |TAMS 0x000000008de00000, 0x000000008de00000| Untracked 
|  57|0x000000008df00000, 0x000000008df00000, 0x000000008e000000|  0%| F|  |TAMS 0x000000008df00000, 0x000000008df00000| Untracked 
|  58|0x000000008e000000, 0x000000008e000000, 0x000000008e100000|  0%| F|  |TAMS 0x000000008e000000, 0x000000008e000000| Untracked 
|  59|0x000000008e100000, 0x000000008e100000, 0x000000008e200000|  0%| F|  |TAMS 0x000000008e100000, 0x000000008e100000| Untracked 
|  60|0x000000008e200000, 0x000000008e200000, 0x000000008e300000|  0%| F|  |TAMS 0x000000008e200000, 0x000000008e200000| Untracked 
|  61|0x000000008e300000, 0x000000008e300000, 0x000000008e400000|  0%| F|  |TAMS 0x000000008e300000, 0x000000008e300000| Untracked 
|  62|0x000000008e400000, 0x000000008e400000, 0x000000008e500000|  0%| F|  |TAMS 0x000000008e400000, 0x000000008e400000| Untracked 
|  63|0x000000008e500000, 0x000000008e500000, 0x000000008e600000|  0%| F|  |TAMS 0x000000008e500000, 0x000000008e500000| Untracked 
|  64|0x000000008e600000, 0x000000008e600000, 0x000000008e700000|  0%| F|  |TAMS 0x000000008e600000, 0x000000008e600000| Untracked 
|  65|0x000000008e700000, 0x000000008e700000, 0x000000008e800000|  0%| F|  |TAMS 0x000000008e700000, 0x000000008e700000| Untracked 
|  66|0x000000008e800000, 0x000000008e800000, 0x000000008e900000|  0%| F|  |TAMS 0x000000008e800000, 0x000000008e800000| Untracked 
|  67|0x000000008e900000, 0x000000008e900000, 0x000000008ea00000|  0%| F|  |TAMS 0x000000008e900000, 0x000000008e900000| Untracked 
|  68|0x000000008ea00000, 0x000000008ea00000, 0x000000008eb00000|  0%| F|  |TAMS 0x000000008ea00000, 0x000000008ea00000| Untracked 
|  69|0x000000008eb00000, 0x000000008eb00000, 0x000000008ec00000|  0%| F|  |TAMS 0x000000008eb00000, 0x000000008eb00000| Untracked 
|  70|0x000000008ec00000, 0x000000008ec00000, 0x000000008ed00000|  0%| F|  |TAMS 0x000000008ec00000, 0x000000008ec00000| Untracked 
|  71|0x000000008ed00000, 0x000000008ed00000, 0x000000008ee00000|  0%| F|  |TAMS 0x000000008ed00000, 0x000000008ed00000| Untracked 
|  72|0x000000008ee00000, 0x000000008ee00000, 0x000000008ef00000|  0%| F|  |TAMS 0x000000008ee00000, 0x000000008ee00000| Untracked 
|  73|0x000000008ef00000, 0x000000008ef00000, 0x000000008f000000|  0%| F|  |TAMS 0x000000008ef00000, 0x000000008ef00000| Untracked 
|  74|0x000000008f000000, 0x000000008f000000, 0x000000008f100000|  0%| F|  |TAMS 0x000000008f000000, 0x000000008f000000| Untracked 
|  75|0x000000008f100000, 0x000000008f100000, 0x000000008f200000|  0%| F|  |TAMS 0x000000008f100000, 0x000000008f100000| Untracked 
|  76|0x000000008f200000, 0x000000008f200000, 0x000000008f300000|  0%| F|  |TAMS 0x000000008f200000, 0x000000008f200000| Untracked 
|  77|0x000000008f300000, 0x000000008f300000, 0x000000008f400000|  0%| F|  |TAMS 0x000000008f300000, 0x000000008f300000| Untracked 
|  78|0x000000008f400000, 0x000000008f400000, 0x000000008f500000|  0%| F|  |TAMS 0x000000008f400000, 0x000000008f400000| Untracked 
|  79|0x000000008f500000, 0x000000008f500000, 0x000000008f600000|  0%| F|  |TAMS 0x000000008f500000, 0x000000008f500000| Untracked 
|  80|0x000000008f600000, 0x000000008f600000, 0x000000008f700000|  0%| F|  |TAMS 0x000000008f600000, 0x000000008f600000| Untracked 
|  81|0x000000008f700000, 0x000000008f700000, 0x000000008f800000|  0%| F|  |TAMS 0x000000008f700000, 0x000000008f700000| Untracked 
|  82|0x000000008f800000, 0x000000008f800000, 0x000000008f900000|  0%| F|  |TAMS 0x000000008f800000, 0x000000008f800000| Untracked 
|  83|0x000000008f900000, 0x000000008f900000, 0x000000008fa00000|  0%| F|  |TAMS 0x000000008f900000, 0x000000008f900000| Untracked 
|  84|0x000000008fa00000, 0x000000008fa00000, 0x000000008fb00000|  0%| F|  |TAMS 0x000000008fa00000, 0x000000008fa00000| Untracked 
|  85|0x000000008fb00000, 0x000000008fb00000, 0x000000008fc00000|  0%| F|  |TAMS 0x000000008fb00000, 0x000000008fb00000| Untracked 
|  86|0x000000008fc00000, 0x000000008fc00000, 0x000000008fd00000|  0%| F|  |TAMS 0x000000008fc00000, 0x000000008fc00000| Untracked 
|  87|0x000000008fd00000, 0x000000008fe00000, 0x000000008fe00000|100%| S|CS|TAMS 0x000000008fd00000, 0x000000008fd00000| Complete 
|  88|0x000000008fe00000, 0x000000008ff00000, 0x000000008ff00000|100%| S|CS|TAMS 0x000000008fe00000, 0x000000008fe00000| Complete 
|  89|0x000000008ff00000, 0x0000000090000000, 0x0000000090000000|100%| S|CS|TAMS 0x000000008ff00000, 0x000000008ff00000| Complete 
|  90|0x0000000090000000, 0x0000000090100000, 0x0000000090100000|100%| S|CS|TAMS 0x0000000090000000, 0x0000000090000000| Complete 
|  91|0x0000000090100000, 0x0000000090200000, 0x0000000090200000|100%| S|CS|TAMS 0x0000000090100000, 0x0000000090100000| Complete 
|  92|0x0000000090200000, 0x0000000090300000, 0x0000000090300000|100%| S|CS|TAMS 0x0000000090200000, 0x0000000090200000| Complete 
|  93|0x0000000090300000, 0x0000000090400000, 0x0000000090400000|100%| S|CS|TAMS 0x0000000090300000, 0x0000000090300000| Complete 
|  94|0x0000000090400000, 0x0000000090400000, 0x0000000090500000|  0%| F|  |TAMS 0x0000000090400000, 0x0000000090400000| Untracked 
|  95|0x0000000090500000, 0x0000000090500000, 0x0000000090600000|  0%| F|  |TAMS 0x0000000090500000, 0x0000000090500000| Untracked 
|  96|0x0000000090600000, 0x0000000090600000, 0x0000000090700000|  0%| F|  |TAMS 0x0000000090600000, 0x0000000090600000| Untracked 
|  97|0x0000000090700000, 0x0000000090700000, 0x0000000090800000|  0%| F|  |TAMS 0x0000000090700000, 0x0000000090700000| Untracked 
|  98|0x0000000090800000, 0x0000000090800000, 0x0000000090900000|  0%| F|  |TAMS 0x0000000090800000, 0x0000000090800000| Untracked 
|  99|0x0000000090900000, 0x0000000090900000, 0x0000000090a00000|  0%| F|  |TAMS 0x0000000090900000, 0x0000000090900000| Untracked 
| 100|0x0000000090a00000, 0x0000000090a00000, 0x0000000090b00000|  0%| F|  |TAMS 0x0000000090a00000, 0x0000000090a00000| Untracked 
| 101|0x0000000090b00000, 0x0000000090b00000, 0x0000000090c00000|  0%| F|  |TAMS 0x0000000090b00000, 0x0000000090b00000| Untracked 
| 102|0x0000000090c00000, 0x0000000090c00000, 0x0000000090d00000|  0%| F|  |TAMS 0x0000000090c00000, 0x0000000090c00000| Untracked 
| 103|0x0000000090d00000, 0x0000000090d00000, 0x0000000090e00000|  0%| F|  |TAMS 0x0000000090d00000, 0x0000000090d00000| Untracked 
| 104|0x0000000090e00000, 0x0000000090e00000, 0x0000000090f00000|  0%| F|  |TAMS 0x0000000090e00000, 0x0000000090e00000| Untracked 
| 105|0x0000000090f00000, 0x0000000090f00000, 0x0000000091000000|  0%| F|  |TAMS 0x0000000090f00000, 0x0000000090f00000| Untracked 
| 106|0x0000000091000000, 0x0000000091000000, 0x0000000091100000|  0%| F|  |TAMS 0x0000000091000000, 0x0000000091000000| Untracked 
| 107|0x0000000091100000, 0x0000000091100000, 0x0000000091200000|  0%| F|  |TAMS 0x0000000091100000, 0x0000000091100000| Untracked 
| 108|0x0000000091200000, 0x0000000091200000, 0x0000000091300000|  0%| F|  |TAMS 0x0000000091200000, 0x0000000091200000| Untracked 
| 109|0x0000000091300000, 0x0000000091300000, 0x0000000091400000|  0%| F|  |TAMS 0x0000000091300000, 0x0000000091300000| Untracked 
| 110|0x0000000091400000, 0x0000000091400000, 0x0000000091500000|  0%| F|  |TAMS 0x0000000091400000, 0x0000000091400000| Untracked 
| 111|0x0000000091500000, 0x0000000091500000, 0x0000000091600000|  0%| F|  |TAMS 0x0000000091500000, 0x0000000091500000| Untracked 
| 112|0x0000000091600000, 0x0000000091600000, 0x0000000091700000|  0%| F|  |TAMS 0x0000000091600000, 0x0000000091600000| Untracked 
| 113|0x0000000091700000, 0x0000000091700000, 0x0000000091800000|  0%| F|  |TAMS 0x0000000091700000, 0x0000000091700000| Untracked 
| 114|0x0000000091800000, 0x0000000091800000, 0x0000000091900000|  0%| F|  |TAMS 0x0000000091800000, 0x0000000091800000| Untracked 
| 115|0x0000000091900000, 0x0000000091900000, 0x0000000091a00000|  0%| F|  |TAMS 0x0000000091900000, 0x0000000091900000| Untracked 
| 116|0x0000000091a00000, 0x0000000091a00000, 0x0000000091b00000|  0%| F|  |TAMS 0x0000000091a00000, 0x0000000091a00000| Untracked 
| 117|0x0000000091b00000, 0x0000000091b00000, 0x0000000091c00000|  0%| F|  |TAMS 0x0000000091b00000, 0x0000000091b00000| Untracked 
| 118|0x0000000091c00000, 0x0000000091c00000, 0x0000000091d00000|  0%| F|  |TAMS 0x0000000091c00000, 0x0000000091c00000| Untracked 
| 119|0x0000000091d00000, 0x0000000091d00000, 0x0000000091e00000|  0%| F|  |TAMS 0x0000000091d00000, 0x0000000091d00000| Untracked 
| 120|0x0000000091e00000, 0x0000000091e00000, 0x0000000091f00000|  0%| F|  |TAMS 0x0000000091e00000, 0x0000000091e00000| Untracked 
| 121|0x0000000091f00000, 0x0000000091f00000, 0x0000000092000000|  0%| F|  |TAMS 0x0000000091f00000, 0x0000000091f00000| Untracked 
| 122|0x0000000092000000, 0x0000000092000000, 0x0000000092100000|  0%| F|  |TAMS 0x0000000092000000, 0x0000000092000000| Untracked 
| 123|0x0000000092100000, 0x0000000092100000, 0x0000000092200000|  0%| F|  |TAMS 0x0000000092100000, 0x0000000092100000| Untracked 
| 124|0x0000000092200000, 0x0000000092200000, 0x0000000092300000|  0%| F|  |TAMS 0x0000000092200000, 0x0000000092200000| Untracked 
| 125|0x0000000092300000, 0x0000000092300000, 0x0000000092400000|  0%| F|  |TAMS 0x0000000092300000, 0x0000000092300000| Untracked 
| 126|0x0000000092400000, 0x0000000092400000, 0x0000000092500000|  0%| F|  |TAMS 0x0000000092400000, 0x0000000092400000| Untracked 
| 127|0x0000000092500000, 0x0000000092500000, 0x0000000092600000|  0%| F|  |TAMS 0x0000000092500000, 0x0000000092500000| Untracked 
| 128|0x0000000092600000, 0x0000000092600000, 0x0000000092700000|  0%| F|  |TAMS 0x0000000092600000, 0x0000000092600000| Untracked 
| 129|0x0000000092700000, 0x0000000092700000, 0x0000000092800000|  0%| F|  |TAMS 0x0000000092700000, 0x0000000092700000| Untracked 
| 130|0x0000000092800000, 0x0000000092800000, 0x0000000092900000|  0%| F|  |TAMS 0x0000000092800000, 0x0000000092800000| Untracked 
| 131|0x0000000092900000, 0x0000000092900000, 0x0000000092a00000|  0%| F|  |TAMS 0x0000000092900000, 0x0000000092900000| Untracked 
| 132|0x0000000092a00000, 0x0000000092a00000, 0x0000000092b00000|  0%| F|  |TAMS 0x0000000092a00000, 0x0000000092a00000| Untracked 
| 133|0x0000000092b00000, 0x0000000092b00000, 0x0000000092c00000|  0%| F|  |TAMS 0x0000000092b00000, 0x0000000092b00000| Untracked 
| 134|0x0000000092c00000, 0x0000000092c00000, 0x0000000092d00000|  0%| F|  |TAMS 0x0000000092c00000, 0x0000000092c00000| Untracked 
| 135|0x0000000092d00000, 0x0000000092d00000, 0x0000000092e00000|  0%| F|  |TAMS 0x0000000092d00000, 0x0000000092d00000| Untracked 
| 136|0x0000000092e00000, 0x0000000092e00000, 0x0000000092f00000|  0%| F|  |TAMS 0x0000000092e00000, 0x0000000092e00000| Untracked 
| 137|0x0000000092f00000, 0x0000000092f00000, 0x0000000093000000|  0%| F|  |TAMS 0x0000000092f00000, 0x0000000092f00000| Untracked 
| 138|0x0000000093000000, 0x0000000093000000, 0x0000000093100000|  0%| F|  |TAMS 0x0000000093000000, 0x0000000093000000| Untracked 
| 139|0x0000000093100000, 0x0000000093200000, 0x0000000093200000|100%| E|  |TAMS 0x0000000093100000, 0x0000000093100000| Complete 
| 140|0x0000000093200000, 0x0000000093300000, 0x0000000093300000|100%| E|CS|TAMS 0x0000000093200000, 0x0000000093200000| Complete 
| 141|0x0000000093300000, 0x0000000093400000, 0x0000000093400000|100%| E|CS|TAMS 0x0000000093300000, 0x0000000093300000| Complete 
| 142|0x0000000093400000, 0x0000000093500000, 0x0000000093500000|100%| E|CS|TAMS 0x0000000093400000, 0x0000000093400000| Complete 
| 143|0x0000000093500000, 0x0000000093600000, 0x0000000093600000|100%| E|CS|TAMS 0x0000000093500000, 0x0000000093500000| Complete 
| 144|0x0000000093600000, 0x0000000093700000, 0x0000000093700000|100%| E|CS|TAMS 0x0000000093600000, 0x0000000093600000| Complete 
| 145|0x0000000093700000, 0x0000000093800000, 0x0000000093800000|100%| E|CS|TAMS 0x0000000093700000, 0x0000000093700000| Complete 
| 146|0x0000000093800000, 0x0000000093900000, 0x0000000093900000|100%| E|CS|TAMS 0x0000000093800000, 0x0000000093800000| Complete 
| 147|0x0000000093900000, 0x0000000093a00000, 0x0000000093a00000|100%| E|CS|TAMS 0x0000000093900000, 0x0000000093900000| Complete 
| 148|0x0000000093a00000, 0x0000000093b00000, 0x0000000093b00000|100%| E|CS|TAMS 0x0000000093a00000, 0x0000000093a00000| Complete 
| 149|0x0000000093b00000, 0x0000000093c00000, 0x0000000093c00000|100%| E|CS|TAMS 0x0000000093b00000, 0x0000000093b00000| Complete 
| 150|0x0000000093c00000, 0x0000000093d00000, 0x0000000093d00000|100%| E|CS|TAMS 0x0000000093c00000, 0x0000000093c00000| Complete 
| 151|0x0000000093d00000, 0x0000000093e00000, 0x0000000093e00000|100%| E|CS|TAMS 0x0000000093d00000, 0x0000000093d00000| Complete 
| 152|0x0000000093e00000, 0x0000000093f00000, 0x0000000093f00000|100%| E|CS|TAMS 0x0000000093e00000, 0x0000000093e00000| Complete 
| 153|0x0000000093f00000, 0x0000000094000000, 0x0000000094000000|100%| E|CS|TAMS 0x0000000093f00000, 0x0000000093f00000| Complete 
| 154|0x0000000094000000, 0x0000000094100000, 0x0000000094100000|100%| E|CS|TAMS 0x0000000094000000, 0x0000000094000000| Complete 
| 155|0x0000000094100000, 0x0000000094200000, 0x0000000094200000|100%| E|CS|TAMS 0x0000000094100000, 0x0000000094100000| Complete 
| 156|0x0000000094200000, 0x0000000094300000, 0x0000000094300000|100%| E|CS|TAMS 0x0000000094200000, 0x0000000094200000| Complete 
| 157|0x0000000094300000, 0x0000000094400000, 0x0000000094400000|100%| E|CS|TAMS 0x0000000094300000, 0x0000000094300000| Complete 
| 158|0x0000000094400000, 0x0000000094500000, 0x0000000094500000|100%| E|CS|TAMS 0x0000000094400000, 0x0000000094400000| Complete 
| 159|0x0000000094500000, 0x0000000094600000, 0x0000000094600000|100%| E|CS|TAMS 0x0000000094500000, 0x0000000094500000| Complete 
| 160|0x0000000094600000, 0x0000000094700000, 0x0000000094700000|100%| E|CS|TAMS 0x0000000094600000, 0x0000000094600000| Complete 
| 161|0x0000000094700000, 0x0000000094800000, 0x0000000094800000|100%| E|CS|TAMS 0x0000000094700000, 0x0000000094700000| Complete 
| 162|0x0000000094800000, 0x0000000094900000, 0x0000000094900000|100%| E|CS|TAMS 0x0000000094800000, 0x0000000094800000| Complete 
| 163|0x0000000094900000, 0x0000000094a00000, 0x0000000094a00000|100%| E|CS|TAMS 0x0000000094900000, 0x0000000094900000| Complete 
| 164|0x0000000094a00000, 0x0000000094b00000, 0x0000000094b00000|100%| E|CS|TAMS 0x0000000094a00000, 0x0000000094a00000| Complete 
| 165|0x0000000094b00000, 0x0000000094c00000, 0x0000000094c00000|100%| E|CS|TAMS 0x0000000094b00000, 0x0000000094b00000| Complete 
| 166|0x0000000094c00000, 0x0000000094d00000, 0x0000000094d00000|100%| E|CS|TAMS 0x0000000094c00000, 0x0000000094c00000| Complete 
| 167|0x0000000094d00000, 0x0000000094e00000, 0x0000000094e00000|100%| E|CS|TAMS 0x0000000094d00000, 0x0000000094d00000| Complete 
| 168|0x0000000094e00000, 0x0000000094f00000, 0x0000000094f00000|100%| E|CS|TAMS 0x0000000094e00000, 0x0000000094e00000| Complete 
| 169|0x0000000094f00000, 0x0000000095000000, 0x0000000095000000|100%| E|CS|TAMS 0x0000000094f00000, 0x0000000094f00000| Complete 
| 170|0x0000000095000000, 0x0000000095100000, 0x0000000095100000|100%| E|CS|TAMS 0x0000000095000000, 0x0000000095000000| Complete 
| 171|0x0000000095100000, 0x0000000095200000, 0x0000000095200000|100%| E|CS|TAMS 0x0000000095100000, 0x0000000095100000| Complete 

Card table byte_map: [0x0000024948000000,0x00000249483b0000] _byte_map_base: 0x0000024947bad000

Marking Bits (Prev, Next): (CMBitMap*) 0x000002493106e4e0, (CMBitMap*) 0x000002493106e4a8
 Prev Bits: [0x000002494a4d0000, 0x000002494c238000)
 Next Bits: [0x0000024948760000, 0x000002494a4c8000)

Polling page: 0x000002492edc0000

Metaspace:

Usage:
  Non-class:     54.09 MB capacity,    53.69 MB (>99%) used,   301.70 KB ( <1%) free+waste,   108.88 KB ( <1%) overhead. 
      Class:      7.37 MB capacity,     7.04 MB ( 95%) used,   293.50 KB (  4%) free+waste,    50.00 KB ( <1%) overhead. 
       Both:     61.47 MB capacity,    60.73 MB ( 99%) used,   595.20 KB ( <1%) free+waste,   158.88 KB ( <1%) overhead. 

Virtual space:
  Non-class space:       56.00 MB reserved,      54.33 MB ( 97%) committed 
      Class space:        1.00 GB reserved,       7.38 MB ( <1%) committed 
             Both:        1.05 GB reserved,      61.70 MB (  6%) committed 

Chunk freelists:
   Non-Class:  5.88 KB
       Class:  256 bytes
        Both:  6.12 KB

CodeHeap 'non-profiled nmethods': size=120000Kb used=3599Kb max_used=3599Kb free=116400Kb
 bounds [0x00000249401d0000, 0x0000024940560000, 0x0000024947700000]
CodeHeap 'profiled nmethods': size=120000Kb used=18919Kb max_used=18919Kb free=101081Kb
 bounds [0x0000024938ca0000, 0x0000024939f20000, 0x00000249401d0000]
CodeHeap 'non-nmethods': size=5760Kb used=1226Kb max_used=1265Kb free=4534Kb
 bounds [0x0000024938700000, 0x0000024938970000, 0x0000024938ca0000]
 total_blobs=8487 nmethods=7899 adapters=496
 compilation: enabled
              stopped_count=0, restarted_count=0
 full_count=0

Compilation events (10 events):
Event: 13.040 Thread 0x000002494f7f8800 nmethod 8021 0x0000024939eea310 code [0x0000024939eea4c0, 0x0000024939eea6d8]
Event: 13.042 Thread 0x000002494eee1800 nmethod 7945 0x000002494054f710 code [0x000002494054fa60, 0x0000024940551e50]
Event: 13.042 Thread 0x000002494eee1800 8020       4       org.jetbrains.kotlin.metadata.ProtoBuf$Function::getSerializedSize (512 bytes)
Event: 13.045 Thread 0x000002494f7f8800 8024       1       org.jetbrains.kotlin.metadata.ProtoBuf$Property::getVersionRequirementList (5 bytes)
Event: 13.045 Thread 0x000002494f7f8800 nmethod 8024 0x0000024940553410 code [0x00000249405535a0, 0x0000024940553658]
Event: 13.045 Thread 0x000002494f7f8800 8025       3       org.jetbrains.kotlin.metadata.ProtoBuf$Property::getSerializedSize (496 bytes)
Event: 13.049 Thread 0x000002494f7f8800 nmethod 8025 0x0000024939eea790 code [0x0000024939eeae00, 0x0000024939eee2d8]
Event: 13.049 Thread 0x000002494f7f8800 8026       1       org.jetbrains.kotlin.metadata.ProtoBuf$Type$Argument::getProjection (5 bytes)
Event: 13.049 Thread 0x000002494f7f8800 nmethod 8026 0x0000024940553710 code [0x00000249405538a0, 0x0000024940553958]
Event: 13.049 Thread 0x000002494f7f8800 8028       3       org.jetbrains.kotlin.serialization.deserialization.descriptors.DeserializedAnnotations::<init> (28 bytes)

GC Heap History (10 events):
Event: 6.316 GC heap before
{Heap before GC invocations=6 (full 0):
 garbage-first heap   total 120832K, used 63759K [0x000000008a600000, 0x0000000100000000)
  region size 1024K, 44 young (45056K), 2 survivors (2048K)
 Metaspace       used 43835K, capacity 44323K, committed 44496K, reserved 1089536K
  class space    used 5204K, capacity 5415K, committed 5504K, reserved 1048576K
}
Event: 6.337 GC heap after
{Heap after GC invocations=7 (full 0):
 garbage-first heap   total 146432K, used 25600K [0x000000008a600000, 0x0000000100000000)
  region size 1024K, 6 young (6144K), 6 survivors (6144K)
 Metaspace       used 43835K, capacity 44323K, committed 44496K, reserved 1089536K
  class space    used 5204K, capacity 5415K, committed 5504K, reserved 1048576K
}
Event: 7.641 GC heap before
{Heap before GC invocations=7 (full 0):
 garbage-first heap   total 146432K, used 82944K [0x000000008a600000, 0x0000000100000000)
  region size 1024K, 59 young (60416K), 6 survivors (6144K)
 Metaspace       used 49943K, capacity 50488K, committed 50768K, reserved 1093632K
  class space    used 5857K, capacity 6103K, committed 6144K, reserved 1048576K
}
Event: 7.665 GC heap after
{Heap after GC invocations=8 (full 0):
 garbage-first heap   total 146432K, used 33577K [0x000000008a600000, 0x0000000100000000)
  region size 1024K, 6 young (6144K), 6 survivors (6144K)
 Metaspace       used 49943K, capacity 50488K, committed 50768K, reserved 1093632K
  class space    used 5857K, capacity 6103K, committed 6144K, reserved 1048576K
}
Event: 10.062 GC heap before
{Heap before GC invocations=8 (full 0):
 garbage-first heap   total 146432K, used 88873K [0x000000008a600000, 0x0000000100000000)
  region size 1024K, 60 young (61440K), 6 survivors (6144K)
 Metaspace       used 58559K, capacity 59247K, committed 59344K, reserved 1101824K
  class space    used 6912K, capacity 7237K, committed 7296K, reserved 1048576K
}
Event: 10.093 GC heap after
{Heap after GC invocations=9 (full 0):
 garbage-first heap   total 146432K, used 41742K [0x000000008a600000, 0x0000000100000000)
  region size 1024K, 8 young (8192K), 8 survivors (8192K)
 Metaspace       used 58559K, capacity 59247K, committed 59344K, reserved 1101824K
  class space    used 6912K, capacity 7237K, committed 7296K, reserved 1048576K
}
Event: 10.349 GC heap before
{Heap before GC invocations=9 (full 0):
 garbage-first heap   total 146432K, used 45838K [0x000000008a600000, 0x0000000100000000)
  region size 1024K, 13 young (13312K), 8 survivors (8192K)
 Metaspace       used 59417K, capacity 60130K, committed 60240K, reserved 1101824K
  class space    used 6994K, capacity 7339K, committed 7424K, reserved 1048576K
}
Event: 10.371 GC heap after
{Heap after GC invocations=10 (full 0):
 garbage-first heap   total 146432K, used 42780K [0x000000008a600000, 0x0000000100000000)
  region size 1024K, 2 young (2048K), 2 survivors (2048K)
 Metaspace       used 59417K, capacity 60130K, committed 60240K, reserved 1101824K
  class space    used 6994K, capacity 7339K, committed 7424K, reserved 1048576K
}
Event: 12.230 GC heap before
{Heap before GC invocations=11 (full 0):
 garbage-first heap   total 146432K, used 90908K [0x000000008a600000, 0x0000000100000000)
  region size 1024K, 49 young (50176K), 2 survivors (2048K)
 Metaspace       used 61199K, capacity 61980K, committed 62160K, reserved 1103872K
  class space    used 7118K, capacity 7442K, committed 7552K, reserved 1048576K
}
Event: 12.257 GC heap after
{Heap after GC invocations=12 (full 0):
 garbage-first heap   total 176128K, used 51091K [0x000000008a600000, 0x0000000100000000)
  region size 1024K, 7 young (7168K), 7 survivors (7168K)
 Metaspace       used 61199K, capacity 61980K, committed 62160K, reserved 1103872K
  class space    used 7118K, capacity 7442K, committed 7552K, reserved 1048576K
}

Deoptimization events (10 events):
Event: 12.741 Thread 0x0000024931034000 Uncommon trap: reason=unstable_if action=reinterpret pc=0x000002494051ee0c method=org.jetbrains.kotlin.types.TypeSubstitutor.substitute(Lorg/jetbrains/kotlin/types/TypeProjection;)Lorg/jetbrains/kotlin/types/TypeProjection; @ 22 c2
Event: 12.741 Thread 0x0000024931034000 Uncommon trap: reason=bimorphic_or_optimized_type_check action=maybe_recompile pc=0x000002494049de38 method=org.jetbrains.kotlin.types.TypeSubstitutor.isEmpty()Z @ 4 c2
Event: 12.741 Thread 0x0000024931034000 Uncommon trap: reason=bimorphic_or_optimized_type_check action=maybe_recompile pc=0x000002494049de38 method=org.jetbrains.kotlin.types.TypeSubstitutor.isEmpty()Z @ 4 c2
Event: 12.742 Thread 0x0000024931034000 Uncommon trap: reason=bimorphic_or_optimized_type_check action=maybe_recompile pc=0x000002494049de38 method=org.jetbrains.kotlin.types.TypeSubstitutor.isEmpty()Z @ 4 c2
Event: 12.742 Thread 0x0000024931034000 Uncommon trap: reason=bimorphic_or_optimized_type_check action=maybe_recompile pc=0x000002494049de38 method=org.jetbrains.kotlin.types.TypeSubstitutor.isEmpty()Z @ 4 c2
Event: 12.831 Thread 0x0000024931034000 Uncommon trap: reason=unstable_if action=reinterpret pc=0x000002494053d9f0 method=org.jetbrains.kotlin.types.KotlinTypeKt.isError(Lorg/jetbrains/kotlin/types/KotlinType;)Z @ 17 c2
Event: 12.966 Thread 0x0000024931034000 Uncommon trap: reason=unstable_if action=reinterpret pc=0x000002494050e520 method=org.jetbrains.kotlin.resolve.DescriptorUtils.getFqNameSafeIfPossible(Lorg/jetbrains/kotlin/descriptors/DeclarationDescriptor;)Lorg/jetbrains/kotlin/name/FqName; @ 12 c2
Event: 12.966 Thread 0x0000024931034000 Uncommon trap: reason=unstable_if action=reinterpret pc=0x00000249404f0dc8 method=org.jetbrains.kotlin.name.FqNameUnsafe.child(Lorg/jetbrains/kotlin/name/Name;)Lorg/jetbrains/kotlin/name/FqNameUnsafe; @ 13 c2
Event: 12.966 Thread 0x0000024931034000 Uncommon trap: reason=unstable_if action=reinterpret pc=0x0000024940538164 method=org.jetbrains.kotlin.resolve.DescriptorUtils.getFqNameSafeIfPossible(Lorg/jetbrains/kotlin/descriptors/DeclarationDescriptor;)Lorg/jetbrains/kotlin/name/FqName; @ 12 c2
Event: 13.018 Thread 0x0000024931034000 Uncommon trap: reason=predicate action=maybe_recompile pc=0x000002494052eda4 method=org.jetbrains.kotlin.descriptors.impl.FunctionDescriptorImpl.initialize(Lorg/jetbrains/kotlin/descriptors/ReceiverParameterDescriptor;Lorg/jetbrains/kotlin/descriptors/Rec

Classes redefined (0 events):
No events

Internal exceptions (10 events):
Event: 9.064 Thread 0x0000024931034000 Exception <a 'java/lang/NoSuchMethodError'{0x000000009181b030}: java.lang.invoke.DirectMethodHandle$Holder.invokeInterface(Ljava/lang/Object;Ljava/lang/Object;)V> (0x000000009181b030) thrown at [./open/src/hotspot/share/interpreter/linkResolver.cpp, line 
Event: 9.391 Thread 0x0000024931034000 Exception <a 'java/lang/NoSuchMethodError'{0x0000000090b79148}: java.lang.invoke.DirectMethodHandle$Holder.invokeStaticInit(Ljava/lang/Object;Ljava/lang/Object;Ljava/lang/Object;)Ljava/lang/Object;> (0x0000000090b79148) thrown at [./open/src/hotspot/share
Event: 9.423 Thread 0x0000024931034000 Exception <a 'java/lang/NoSuchMethodError'{0x0000000090a51068}: java.lang.invoke.DirectMethodHandle$Holder.invokeStatic(Ljava/lang/Object;Ljava/lang/Object;Ljava/lang/Object;Ljava/lang/Object;Ljava/lang/Object;)I> (0x0000000090a51068) thrown at [./open/sr
Event: 10.153 Thread 0x0000024931034000 Exception <a 'java/lang/NoSuchMethodError'{0x0000000093374038}: java.lang.invoke.DirectMethodHandle$Holder.invokeStaticInit(Ljava/lang/Object;I)I> (0x0000000093374038) thrown at [./open/src/hotspot/share/interpreter/linkResolver.cpp, line 772]
Event: 10.765 Thread 0x0000024931034000 Exception <a 'java/lang/NoSuchMethodError'{0x0000000092b07290}: java.lang.invoke.DirectMethodHandle$Holder.invokeInterface(Ljava/lang/Object;Ljava/lang/Object;)I> (0x0000000092b07290) thrown at [./open/src/hotspot/share/interpreter/linkResolver.cpp, line 
Event: 10.918 Thread 0x0000024931034000 Exception <a 'java/lang/NoSuchMethodError'{0x00000000928edd00}: java.lang.invoke.DirectMethodHandle$Holder.invokeStatic(Ljava/lang/Object;ILjava/lang/Object;Ljava/lang/Object;)Ljava/lang/Object;> (0x00000000928edd00) thrown at [./open/src/hotspot/share/in
Event: 10.919 Thread 0x0000024931034000 Exception <a 'java/lang/NoSuchMethodError'{0x00000000928f54c0}: java.lang.invoke.DirectMethodHandle$Holder.invokeStatic(Ljava/lang/Object;ILjava/lang/Object;)Ljava/lang/Object;> (0x00000000928f54c0) thrown at [./open/src/hotspot/share/interpreter/linkReso
Event: 12.749 Thread 0x0000024931034000 Exception <a 'java/lang/NoSuchMethodError'{0x00000000941cc770}: java.lang.invoke.DirectMethodHandle$Holder.invokeInterface(Ljava/lang/Object;Ljava/lang/Object;Ljava/lang/Object;)Ljava/lang/Object;> (0x00000000941cc770) thrown at [./open/src/hotspot/share/
Event: 12.749 Thread 0x0000024931034000 Exception <a 'java/lang/IncompatibleClassChangeError'{0x00000000941cf9a0}: Found class java.lang.Object, but interface was expected> (0x00000000941cf9a0) thrown at [./open/src/hotspot/share/interpreter/linkResolver.cpp, line 838]
Event: 12.952 Thread 0x0000024931034000 Exception <a 'java/lang/NoSuchMethodError'{0x00000000936b50f0}: java.lang.invoke.Invokers$Holder.linkToTargetMethod(Ljava/lang/Object;Ljava/lang/Object;Ljava/lang/Object;Ljava/lang/Object;Ljava/lang/Object;Ljava/lang/Object;Ljava/lang/Object;)Ljava/lang/O

Events (10 events):
Event: 12.999 loading class org/jetbrains/kotlin/resolve/scopes/GivenFunctionsMemberScope$createFakeOverrides$4 done
Event: 13.009 loading class org/jetbrains/kotlin/resolve/calls/smartcasts/IdentifierInfo$NULL
Event: 13.009 loading class org/jetbrains/kotlin/resolve/calls/smartcasts/IdentifierInfo$NULL done
Event: 13.014 loading class org/jetbrains/kotlin/resolve/calls/smartcasts/Nullability$1
Event: 13.014 loading class org/jetbrains/kotlin/resolve/calls/smartcasts/Nullability$1 done
Event: 13.018 Thread 0x0000024931034000 Uncommon trap: trap_request=0xffffff7e fr.pc=0x000002494052eda4 relative=0x0000000000001e84
Event: 13.018 Thread 0x0000024931034000 DEOPT PACKING pc=0x000002494052eda4 sp=0x000000ee03dfa610
Event: 13.018 Thread 0x0000024931034000 DEOPT UNPACKING pc=0x000002493872662f sp=0x000000ee03dfa540 mode 2
Event: 13.048 Thread 0x0000024931034000 DEOPT PACKING pc=0x0000024939539053 sp=0x000000ee03df98f0
Event: 13.048 Thread 0x0000024931034000 DEOPT UNPACKING pc=0x0000024938726dde sp=0x000000ee03df8df8 mode 0


Dynamic libraries:
0x00007ff7af010000 - 0x00007ff7af020000 	C:\Program Files\Java\jdk-11.0.18\bin\java.exe
0x00007ffe57330000 - 0x00007ffe57544000 	C:\WINDOWS\SYSTEM32\ntdll.dll
0x00007ffe55950000 - 0x00007ffe55a12000 	C:\WINDOWS\System32\KERNEL32.DLL
0x00007ffe54ad0000 - 0x00007ffe54e73000 	C:\WINDOWS\System32\KERNELBASE.dll
0x00007ffe54ff0000 - 0x00007ffe55101000 	C:\WINDOWS\System32\ucrtbase.dll
0x00007ffe3c380000 - 0x00007ffe3c39b000 	C:\Program Files\Java\jdk-11.0.18\bin\VCRUNTIME140.dll
0x00007ffe3c0b0000 - 0x00007ffe3c0c8000 	C:\Program Files\Java\jdk-11.0.18\bin\jli.dll
0x00007ffe556b0000 - 0x00007ffe5575e000 	C:\WINDOWS\System32\ADVAPI32.dll
0x00007ffe552d0000 - 0x00007ffe55377000 	C:\WINDOWS\System32\msvcrt.dll
0x00007ffe56e80000 - 0x00007ffe56f24000 	C:\WINDOWS\System32\sechost.dll
0x00007ffe553e0000 - 0x00007ffe554f7000 	C:\WINDOWS\System32\RPCRT4.dll
0x00007ffe56110000 - 0x00007ffe562bb000 	C:\WINDOWS\System32\USER32.dll
0x00007ffe54860000 - 0x00007ffe54886000 	C:\WINDOWS\System32\win32u.dll
0x00007ffe56e50000 - 0x00007ffe56e79000 	C:\WINDOWS\System32\GDI32.dll
0x00007ffe36d30000 - 0x00007ffe36fbe000 	C:\WINDOWS\WinSxS\amd64_microsoft.windows.common-controls_6595b64144ccf1df_6.0.22621.1635_none_270f70857386168e\COMCTL32.dll
0x00007ffe549b0000 - 0x00007ffe54ac9000 	C:\WINDOWS\System32\gdi32full.dll
0x00007ffe54910000 - 0x00007ffe549aa000 	C:\WINDOWS\System32\msvcp_win.dll
0x00007ffe4b410000 - 0x00007ffe4b41a000 	C:\WINDOWS\SYSTEM32\VERSION.dll
0x00007ffe55810000 - 0x00007ffe55841000 	C:\WINDOWS\System32\IMM32.DLL
0x00007ffe3c080000 - 0x00007ffe3c08c000 	C:\Program Files\Java\jdk-11.0.18\bin\vcruntime140_1.dll
0x00007ffe0a830000 - 0x00007ffe0a8be000 	C:\Program Files\Java\jdk-11.0.18\bin\msvcp140.dll
0x00007ffda4500000 - 0x00007ffda5068000 	C:\Program Files\Java\jdk-11.0.18\bin\server\jvm.dll
0x00007ffe56020000 - 0x00007ffe56028000 	C:\WINDOWS\System32\PSAPI.DLL
0x00007ffe4c330000 - 0x00007ffe4c364000 	C:\WINDOWS\SYSTEM32\WINMM.dll
0x00007ffe4b360000 - 0x00007ffe4b369000 	C:\WINDOWS\SYSTEM32\WSOCK32.dll
0x00007ffe55b20000 - 0x00007ffe55b91000 	C:\WINDOWS\System32\WS2_32.dll
0x00007ffe53780000 - 0x00007ffe53798000 	C:\WINDOWS\SYSTEM32\kernel.appcore.dll
0x00007ffe340d0000 - 0x00007ffe340e0000 	C:\Program Files\Java\jdk-11.0.18\bin\verify.dll
0x00007ffe41b70000 - 0x00007ffe41d9e000 	C:\WINDOWS\SYSTEM32\DBGHELP.DLL
0x00007ffe56f60000 - 0x00007ffe572e9000 	C:\WINDOWS\System32\combase.dll
0x00007ffe56030000 - 0x00007ffe56107000 	C:\WINDOWS\System32\OLEAUT32.dll
0x00007ffe34930000 - 0x00007ffe34962000 	C:\WINDOWS\SYSTEM32\dbgcore.DLL
0x00007ffe54890000 - 0x00007ffe5490b000 	C:\WINDOWS\System32\bcryptPrimitives.dll
0x00007ffe256d0000 - 0x00007ffe256f8000 	C:\Program Files\Java\jdk-11.0.18\bin\java.dll
0x00007ffe340c0000 - 0x00007ffe340ca000 	C:\Program Files\Java\jdk-11.0.18\bin\jimage.dll
0x00007ffe25580000 - 0x00007ffe25597000 	C:\Program Files\Java\jdk-11.0.18\bin\zip.dll
0x00007ffe56470000 - 0x00007ffe56c6a000 	C:\WINDOWS\System32\SHELL32.dll
0x00007ffe52700000 - 0x00007ffe52fce000 	C:\WINDOWS\SYSTEM32\windows.storage.dll
0x00007ffe525c0000 - 0x00007ffe526fe000 	C:\WINDOWS\SYSTEM32\wintypes.dll
0x00007ffe55850000 - 0x00007ffe55941000 	C:\WINDOWS\System32\SHCORE.dll
0x00007ffe55270000 - 0x00007ffe552ce000 	C:\WINDOWS\System32\shlwapi.dll
0x00007ffe54660000 - 0x00007ffe54681000 	C:\WINDOWS\SYSTEM32\profapi.dll
0x00007ffe25560000 - 0x00007ffe25579000 	C:\Program Files\Java\jdk-11.0.18\bin\net.dll
0x00007ffe4c020000 - 0x00007ffe4c157000 	C:\WINDOWS\SYSTEM32\WINHTTP.dll
0x00007ffe53bf0000 - 0x00007ffe53c59000 	C:\WINDOWS\system32\mswsock.dll
0x00007ffe25230000 - 0x00007ffe25242000 	C:\Program Files\Java\jdk-11.0.18\bin\nio.dll

dbghelp: loaded successfully - version: 4.0.5 - missing functions: none
symbol engine: initialized successfully - sym options: 0x614 - pdb path: .;C:\Program Files\Java\jdk-11.0.18\bin;C:\WINDOWS\SYSTEM32;C:\WINDOWS\WinSxS\amd64_microsoft.windows.common-controls_6595b64144ccf1df_6.0.22621.1635_none_270f70857386168e;C:\Program Files\Java\jdk-11.0.18\bin\server

VM Arguments:
java_command: org.jetbrains.kotlin.cli.jvm.K2JVMCompiler @C:\jail project\jcms\node_modules\react-native-gesture-handler\android\build\20230620_17129682886162602567.compiler.options
java_class_path (initial): C:\Users\Dtel\.gradle\caches\modules-2\files-2.1\org.jetbrains.kotlin\kotlin-compiler-embeddable\1.6.21\97bdd5a752ce73b58ef16c17bc7f0ea2faff7a2e\kotlin-compiler-embeddable-1.6.21.jar;C:\Users\Dtel\.gradle\caches\modules-2\files-2.1\org.jetbrains.kotlin\kotlin-reflect\1.6.21\5dc3574d9b7bebfcb4ec6b10ada4aaa9e140bd0b\kotlin-reflect-1.6.21.jar;C:\Users\Dtel\.gradle\caches\modules-2\files-2.1\org.jetbrains.kotlin\kotlin-stdlib\1.6.21\11ef67f1900634fd951bad28c53ec957fabbe5b8\kotlin-stdlib-1.6.21.jar;C:\Users\Dtel\.gradle\caches\modules-2\files-2.1\org.jetbrains.kotlin\kotlin-script-runtime\1.6.21\99c6675100da5d6d5b1c5a1032f27f28008d101b\kotlin-script-runtime-1.6.21.jar;C:\Users\Dtel\.gradle\caches\modules-2\files-2.1\org.jetbrains.kotlin\kotlin-daemon-embeddable\1.6.21\46b78cf392e1c4f10854c3cadba44abb7b82250f\kotlin-daemon-embeddable-1.6.21.jar;C:\Users\Dtel\.gradle\caches\modules-2\files-2.1\org.jetbrains.intellij.deps\trove4j\1.0.20200330\3afb14d5f9ceb459d724e907a21145e8ff394f02\trove4j-1.0.20200330.jar;C:\Users\Dtel\.gradle\caches\modules-2\files-2.1\net.java.dev.jna\jna\5.6.0\330f2244e9030119ab3030fc3fededc86713d9cc\jna-5.6.0.jar;C:\Users\Dtel\.gradle\caches\modules-2\files-2.1\org.jetbrains.kotlin\kotlin-stdlib-common\1.6.21\5e5b55c26dbc80372a920aef60eb774b714559b8\kotlin-stdlib-common-1.6.21.jar;C:\Users\Dtel\.gradle\caches\modules-2\files-2.1\org.jetbrains\annotations\13.0\919f0dfe192fb4e063e7dacadee7f8bb9a2672a9\annotations-13.0.jar
Launcher Type: SUN_STANDARD

[Global flags]
     intx CICompilerCount                          = 4                                         {product} {ergonomic}
     uint ConcGCThreads                            = 3                                         {product} {ergonomic}
     uint G1ConcRefinementThreads                  = 10                                        {product} {ergonomic}
   size_t G1HeapRegionSize                         = 1048576                                   {product} {ergonomic}
    uintx GCDrainStackTargetSize                   = 64                                        {product} {ergonomic}
   size_t InitialHeapSize                          = 123731968                                 {product} {ergonomic}
   size_t MarkStackSize                            = 4194304                                   {product} {ergonomic}
   size_t MaxHeapSize                              = 1973420032                                {product} {ergonomic}
   size_t MaxNewSize                               = 1183842304                                {product} {ergonomic}
   size_t MinHeapDeltaBytes                        = 1048576                                   {product} {ergonomic}
    uintx NonNMethodCodeHeapSize                   = 5836300                                {pd product} {ergonomic}
    uintx NonProfiledCodeHeapSize                  = 122910970                              {pd product} {ergonomic}
    uintx ProfiledCodeHeapSize                     = 122910970                              {pd product} {ergonomic}
    uintx ReservedCodeCacheSize                    = 251658240                              {pd product} {ergonomic}
     bool SegmentedCodeCache                       = true                                      {product} {ergonomic}
     bool UseCompressedClassPointers               = true                                 {lp64_product} {ergonomic}
     bool UseCompressedOops                        = true                                 {lp64_product} {ergonomic}
     bool UseG1GC                                  = true                                      {product} {ergonomic}
     bool UseLargePagesIndividualAllocation        = false                                  {pd product} {ergonomic}

Logging:
Log output configuration:
 #0: stdout all=warning uptime,level,tags
 #1: stderr all=off uptime,level,tags

Environment Variables:
JAVA_HOME=C:\Program Files\Java\jdk-11.0.18
CLASSPATH=C:\jail project\jcms\android\\gradle\wrapper\gradle-wrapper.jar
PATH=C:\jail project\jcms\android\node_modules\.bin;C:\jail project\jcms\node_modules\.bin;C:\jail project\node_modules\.bin;C:\node_modules\.bin;C:\Program Files\nodejs;C:\jail project\jcms\node_modules\.bin;C:\jail project\jcms\node_modules\.bin;C:\jail project\node_modules\.bin;C:\node_modules\.bin;C:\Program Files\nodejs\node_modules\npm\node_modules\@npmcli\run-script\lib\node-gyp-bin;C:\Program Files (x86)\Common Files\Oracle\Java\javapath;C:\Program Files\NVIDIA GPU Computing Toolkit\CUDA\v10.0\bin;C:\Program Files\NVIDIA GPU Computing Toolkit\CUDA\v10.0\libnvvp;C:\Program Files\Python37\Scripts\;C:\Program Files\Python37\;C:\Windows\system32;C:\Windows;C:\Windows\System32\Wbem;C:\Windows\System32\WindowsPowerShell\v1.0\;C:\Windows\System32\OpenSSH\;C:\Program Files\PuTTY\;C:\Program Files\Git\cmd;C:\Program Files (x86)\NVIDIA Corporation\PhysX\Common;C:\Program Files\NVIDIA Corporation\NVIDIA NvDLISR;C:\WINDOWS\system32;C:\WINDOWS;C:\WINDOWS\System32\Wbem;C:\WINDOWS\System32\WindowsPowerShell\v1.0\;C:\WINDOWS\System32\OpenSSH\;C:\Program Files\CMake\bin;C:\Program Files\nodejs\;C:\sqlite3;C:\Program Files\Java\jdk-1.8;C:\Users\Dtel\AppData\Local\Programs\Python\Python38\Scripts\;C:\Users\Dtel\AppData\Local\Programs\Python\Python38\;C:\Users\Dtel\AppData\Local\Programs\Python\Python36\Scripts\;C:\Users\Dtel\AppData\Local\Programs\Python\Python36\;C:\Users\Dtel\AppData\Local\Microsoft\WindowsApps;C:\Users\Dtel\Downloads\wget;C:\Users\Dtel\AppData\Local\Programs\Microsoft VS Code\bin;C:\Program Files\JetBrains\IntelliJ IDEA Community Edition 2023.1.2\bin;;C:\Users\Dtel\AppData\Roaming\npm;C:\Program Files\Java\jdk-1.8;
USERNAME=Dtel
OS=Windows_NT
PROCESSOR_IDENTIFIER=AMD64 Family 25 Model 80 Stepping 0, AuthenticAMD



---------------  S Y S T E M  ---------------

OS: Windows 11 , 64 bit Build 22621 (10.0.22621.1778)

CPU:total 12 (initial active 12) (12 cores per cpu, 2 threads per core) family 25 model 80 stepping 0 microcode 0x0, cmov, cx8, fxsr, mmx, sse, sse2, sse3, ssse3, sse4.1, sse4.2, popcnt, avx, avx2, aes, clmul, erms, mmxext, 3dnowpref, lzcnt, sse4a, ht, tsc, tscinvbit, tscinv, bmi1, bmi2,

Memory: 4k page, system-wide physical 7521M (247M free)
TotalPageFile size 31073M (AvailPageFile size 0M)
current process WorkingSet (physical memory assigned to process): 324M, peak: 326M
current process commit charge ("private bytes"): 386M, peak: 392M

vm_info: Java HotSpot(TM) 64-Bit Server VM (11.0.18+9-LTS-195) for windows-amd64 JRE (11.0.18+9-LTS-195), built on Dec  6 2022 15:50:58 by "mach5one" with MS VC++ 17.1 (VS2022)

END.
