#
# There is insufficient memory for the Java Runtime Environment to continue.
# Native memory allocation (malloc) failed to allocate 1044896 bytes for Chunk::new
# Possible reasons:
#   The system is out of physical RAM or swap space
#   The process is running with CompressedOops enabled, and the Java Heap may be blocking the growth of the native heap
# Possible solutions:
#   Reduce memory load on the system
#   Increase physical memory or swap space
#   Check if swap backing store is full
#   Decrease Java heap size (-Xmx/-Xms)
#   Decrease number of Java threads
#   Decrease Java thread stack sizes (-Xss)
#   Set larger code cache with -XX:ReservedCodeCacheSize=
#   JVM is running with Unscaled Compressed Oops mode in which the Java heap is
#     placed in the first 4GB address space. The Java Heap base address is the
#     maximum limit for the native heap growth. Please use -XX:HeapBaseMinAddress
#     to set the Java Heap base and to place the Java Heap above 4GB virtual address.
# This output file may be truncated or incomplete.
#
#  Out of Memory Error (./open/src/hotspot/share/memory/arena.cpp:197), pid=31184, tid=2536
#
# JRE version: Java(TM) SE Runtime Environment 18.9 (11.0.18+9) (build 11.0.18+9-LTS-195)
# Java VM: Java HotSpot(TM) 64-Bit Server VM 18.9 (11.0.18+9-LTS-195, mixed mode, tiered, compressed oops, g1 gc, windows-amd64)
# No core dump will be written. Minidumps are not enabled by default on client versions of Windows
#

---------------  S U M M A R Y ------------

Command Line: org.jetbrains.kotlin.cli.jvm.K2JVMCompiler @C:\jail project\jcms\node_modules\react-native-screens\android\build\20230620_2322053611027310779.compiler.options

Host: AMD Ryzen 5 5600H with Radeon Graphics         , 12 cores, 7G,  Windows 11 , 64 bit Build 22621 (10.0.22621.1778)
Time: Tue Jun 20 12:52:42 2023 India Standard Time elapsed time: 12.988784 seconds (0d 0h 0m 12s)

---------------  T H R E A D  ---------------

Current thread (0x0000020951dca800):  JavaThread "C2 CompilerThread1" daemon [_thread_in_native, id=2536, stack(0x0000005400d00000,0x0000005400e00000)]


Current CompileTask:
C2:  12988 7712       4       org.jetbrains.kotlin.types.TypeSubstitutor::substitute (55 bytes)

Stack: [0x0000005400d00000,0x0000005400e00000]
Native frames: (J=compiled Java code, j=interpreted, Vv=VM code, C=native code)
V  [jvm.dll+0x65d8aa]
V  [jvm.dll+0x79fc1f]
V  [jvm.dll+0x7a12e9]
V  [jvm.dll+0x7a1983]
V  [jvm.dll+0x2585b5]
V  [jvm.dll+0xb284c]
V  [jvm.dll+0xb2e0c]
V  [jvm.dll+0x2c9c42]
V  [jvm.dll+0x56d7dc]
V  [jvm.dll+0x21a251]
V  [jvm.dll+0x213a35]
V  [jvm.dll+0x210264]
V  [jvm.dll+0x18c641]
V  [jvm.dll+0x220609]
V  [jvm.dll+0x21e92c]
V  [jvm.dll+0x763f61]
V  [jvm.dll+0x75c924]
V  [jvm.dll+0x65c755]
C  [ucrtbase.dll+0x29363]
C  [KERNEL32.DLL+0x126ad]
C  [ntdll.dll+0x5a9f8]


---------------  P R O C E S S  ---------------

Threads class SMR info:
_java_thread_list=0x00000209506ec950, length=11, elements={
0x000002092fec3800, 0x000002094dd50000, 0x000002094dd5b000, 0x000002094dd69000,
0x000002094dd6d000, 0x000002094dd6e000, 0x000002094dd6f800, 0x000002094e680800,
0x000002094e685800, 0x000002094e850800, 0x0000020951dca800
}

Java Threads: ( => current thread )
  0x000002092fec3800 JavaThread "main" [_thread_in_Java, id=14192, stack(0x000000547f900000,0x000000547fa00000)]
  0x000002094dd50000 JavaThread "Reference Handler" daemon [_thread_blocked, id=19164, stack(0x0000005400000000,0x0000005400100000)]
  0x000002094dd5b000 JavaThread "Finalizer" daemon [_thread_blocked, id=38372, stack(0x0000005400100000,0x0000005400200000)]
  0x000002094dd69000 JavaThread "Signal Dispatcher" daemon [_thread_blocked, id=39916, stack(0x0000005400200000,0x0000005400300000)]
  0x000002094dd6d000 JavaThread "Attach Listener" daemon [_thread_blocked, id=26264, stack(0x0000005400300000,0x0000005400400000)]
  0x000002094dd6e000 JavaThread "Service Thread" daemon [_thread_blocked, id=16700, stack(0x0000005400400000,0x0000005400500000)]
  0x000002094dd6f800 JavaThread "C2 CompilerThread0" daemon [_thread_in_native, id=33256, stack(0x0000005400500000,0x0000005400600000)]
  0x000002094e680800 JavaThread "C1 CompilerThread0" daemon [_thread_blocked, id=19428, stack(0x0000005400600000,0x0000005400700000)]
  0x000002094e685800 JavaThread "Sweeper thread" daemon [_thread_blocked, id=6856, stack(0x0000005400700000,0x0000005400800000)]
  0x000002094e850800 JavaThread "Common-Cleaner" daemon [_thread_blocked, id=36880, stack(0x0000005400900000,0x0000005400a00000)]
=>0x0000020951dca800 JavaThread "C2 CompilerThread1" daemon [_thread_in_native, id=2536, stack(0x0000005400d00000,0x0000005400e00000)]

Other Threads:
  0x000002094dd4e800 VMThread "VM Thread" [stack: 0x000000547ff00000,0x0000005480000000] [id=28300]
  0x000002094e850000 WatcherThread [stack: 0x0000005400800000,0x0000005400900000] [id=18892]
  0x000002092fed7000 GCTaskThread "GC Thread#0" [stack: 0x000000547fa00000,0x000000547fb00000] [id=20048]
  0x000002094ee6d000 GCTaskThread "GC Thread#1" [stack: 0x0000005400b00000,0x0000005400c00000] [id=28456]
  0x0000020951fef000 GCTaskThread "GC Thread#2" [stack: 0x0000005400e00000,0x0000005400f00000] [id=34644]
  0x000002092ff06800 ConcurrentGCThread "G1 Main Marker" [stack: 0x000000547fb00000,0x000000547fc00000] [id=25052]
  0x000002092ff08800 ConcurrentGCThread "G1 Conc#0" [stack: 0x000000547fc00000,0x000000547fd00000] [id=29720]
  0x000002094f239000 ConcurrentGCThread "G1 Conc#1" [stack: 0x0000005400a00000,0x0000005400b00000] [id=33000]
  0x000002094f114000 ConcurrentGCThread "G1 Conc#2" [stack: 0x0000005400c00000,0x0000005400d00000] [id=34528]
  0x000002092ff8e000 ConcurrentGCThread "G1 Refine#0" [stack: 0x000000547fd00000,0x000000547fe00000] [id=32632]
  0x000002094db98800 ConcurrentGCThread "G1 Young RemSet Sampling" [stack: 0x000000547fe00000,0x000000547ff00000] [id=9408]

Threads with active compile tasks:
C2 CompilerThread0    13033 7609       4       org.jetbrains.kotlin.descriptors.impl.FunctionDescriptorImpl::doSubstitute (980 bytes)
C2 CompilerThread1    13033 7712       4       org.jetbrains.kotlin.types.TypeSubstitutor::substitute (55 bytes)

VM state:not at safepoint (normal execution)

VM Mutex/Monitor currently owned by a thread: None

Heap address: 0x000000008a600000, size: 1882 MB, Compressed Oops mode: 32-bit
Narrow klass base: 0x0000000000000000, Narrow klass shift: 3
Compressed class space size: 1073741824 Address: 0x0000000100000000

Heap:
 garbage-first heap   total 178176K, used 98304K [0x000000008a600000, 0x0000000100000000)
  region size 1024K, 46 young (47104K), 2 survivors (2048K)
 Metaspace       used 60297K, capacity 61056K, committed 61448K, reserved 1103872K
  class space    used 6973K, capacity 7304K, committed 7424K, reserved 1048576K
Heap Regions: E=young(eden), S=young(survivor), O=old, HS=humongous(starts), HC=humongous(continues), CS=collection set, F=free, A=archive, TAMS=top-at-mark-start (previous, next)
|   0|0x000000008a600000, 0x000000008a700000, 0x000000008a700000|100%|HS|  |TAMS 0x000000008a700000, 0x000000008a600000| Complete 
|   1|0x000000008a700000, 0x000000008a800000, 0x000000008a800000|100%|HC|  |TAMS 0x000000008a800000, 0x000000008a700000| Complete 
|   2|0x000000008a800000, 0x000000008a900000, 0x000000008a900000|100%|HC|  |TAMS 0x000000008a900000, 0x000000008a800000| Complete 
|   3|0x000000008a900000, 0x000000008aa00000, 0x000000008aa00000|100%|HS|  |TAMS 0x000000008aa00000, 0x000000008a900000| Complete 
|   4|0x000000008aa00000, 0x000000008ab00000, 0x000000008ab00000|100%|HC|  |TAMS 0x000000008ab00000, 0x000000008aa00000| Complete 
|   5|0x000000008ab00000, 0x000000008ac00000, 0x000000008ac00000|100%|HC|  |TAMS 0x000000008ac00000, 0x000000008ab00000| Complete 
|   6|0x000000008ac00000, 0x000000008ad00000, 0x000000008ad00000|100%|HS|  |TAMS 0x000000008ad00000, 0x000000008ac00000| Complete 
|   7|0x000000008ad00000, 0x000000008ae00000, 0x000000008ae00000|100%|HC|  |TAMS 0x000000008ae00000, 0x000000008ad00000| Complete 
|   8|0x000000008ae00000, 0x000000008af00000, 0x000000008af00000|100%| O|  |TAMS 0x000000008af00000, 0x000000008ae00000| Untracked 
|   9|0x000000008af00000, 0x000000008b000000, 0x000000008b000000|100%| O|  |TAMS 0x000000008b000000, 0x000000008af00000| Untracked 
|  10|0x000000008b000000, 0x000000008b100000, 0x000000008b100000|100%| O|  |TAMS 0x000000008b100000, 0x000000008b000000| Untracked 
|  11|0x000000008b100000, 0x000000008b200000, 0x000000008b200000|100%| O|  |TAMS 0x000000008b200000, 0x000000008b100000| Untracked 
|  12|0x000000008b200000, 0x000000008b300000, 0x000000008b300000|100%| O|  |TAMS 0x000000008b300000, 0x000000008b200000| Untracked 
|  13|0x000000008b300000, 0x000000008b400000, 0x000000008b400000|100%| O|  |TAMS 0x000000008b400000, 0x000000008b300000| Untracked 
|  14|0x000000008b400000, 0x000000008b500000, 0x000000008b500000|100%| O|  |TAMS 0x000000008b500000, 0x000000008b400000| Untracked 
|  15|0x000000008b500000, 0x000000008b600000, 0x000000008b600000|100%| O|  |TAMS 0x000000008b600000, 0x000000008b500000| Untracked 
|  16|0x000000008b600000, 0x000000008b700000, 0x000000008b700000|100%| O|  |TAMS 0x000000008b700000, 0x000000008b600000| Untracked 
|  17|0x000000008b700000, 0x000000008b800000, 0x000000008b800000|100%| O|  |TAMS 0x000000008b800000, 0x000000008b700000| Untracked 
|  18|0x000000008b800000, 0x000000008b900000, 0x000000008b900000|100%| O|  |TAMS 0x000000008b900000, 0x000000008b800000| Untracked 
|  19|0x000000008b900000, 0x000000008ba00000, 0x000000008ba00000|100%| O|  |TAMS 0x000000008ba00000, 0x000000008b900000| Untracked 
|  20|0x000000008ba00000, 0x000000008bb00000, 0x000000008bb00000|100%| O|  |TAMS 0x000000008bb00000, 0x000000008ba00000| Untracked 
|  21|0x000000008bb00000, 0x000000008bc00000, 0x000000008bc00000|100%| O|  |TAMS 0x000000008bc00000, 0x000000008bb00000| Untracked 
|  22|0x000000008bc00000, 0x000000008bd00000, 0x000000008bd00000|100%| O|  |TAMS 0x000000008bd00000, 0x000000008bc00000| Untracked 
|  23|0x000000008bd00000, 0x000000008be00000, 0x000000008be00000|100%| O|  |TAMS 0x000000008be00000, 0x000000008bd00000| Untracked 
|  24|0x000000008be00000, 0x000000008bf00000, 0x000000008bf00000|100%| O|  |TAMS 0x000000008bf00000, 0x000000008be00000| Untracked 
|  25|0x000000008bf00000, 0x000000008c000000, 0x000000008c000000|100%| O|  |TAMS 0x000000008c000000, 0x000000008bf00000| Untracked 
|  26|0x000000008c000000, 0x000000008c100000, 0x000000008c100000|100%| O|  |TAMS 0x000000008c100000, 0x000000008c000000| Untracked 
|  27|0x000000008c100000, 0x000000008c200000, 0x000000008c200000|100%| O|  |TAMS 0x000000008c200000, 0x000000008c100000| Untracked 
|  28|0x000000008c200000, 0x000000008c300000, 0x000000008c300000|100%| O|  |TAMS 0x000000008c300000, 0x000000008c200000| Untracked 
|  29|0x000000008c300000, 0x000000008c400000, 0x000000008c400000|100%| O|  |TAMS 0x000000008c400000, 0x000000008c300000| Untracked 
|  30|0x000000008c400000, 0x000000008c500000, 0x000000008c500000|100%| O|  |TAMS 0x000000008c500000, 0x000000008c400000| Untracked 
|  31|0x000000008c500000, 0x000000008c600000, 0x000000008c600000|100%| O|  |TAMS 0x000000008c600000, 0x000000008c500000| Untracked 
|  32|0x000000008c600000, 0x000000008c700000, 0x000000008c700000|100%| O|  |TAMS 0x000000008c700000, 0x000000008c600000| Untracked 
|  33|0x000000008c700000, 0x000000008c800000, 0x000000008c800000|100%| O|  |TAMS 0x000000008c800000, 0x000000008c700000| Untracked 
|  34|0x000000008c800000, 0x000000008c900000, 0x000000008c900000|100%| O|  |TAMS 0x000000008c900000, 0x000000008c800000| Untracked 
|  35|0x000000008c900000, 0x000000008ca00000, 0x000000008ca00000|100%| O|  |TAMS 0x000000008ca00000, 0x000000008c900000| Untracked 
|  36|0x000000008ca00000, 0x000000008cb00000, 0x000000008cb00000|100%| O|  |TAMS 0x000000008cb00000, 0x000000008ca00000| Untracked 
|  37|0x000000008cb00000, 0x000000008cc00000, 0x000000008cc00000|100%| O|  |TAMS 0x000000008cc00000, 0x000000008cb00000| Untracked 
|  38|0x000000008cc00000, 0x000000008cd00000, 0x000000008cd00000|100%| O|  |TAMS 0x000000008cd00000, 0x000000008cc00000| Untracked 
|  39|0x000000008cd00000, 0x000000008ce00000, 0x000000008ce00000|100%| O|  |TAMS 0x000000008ce00000, 0x000000008cd00000| Untracked 
|  40|0x000000008ce00000, 0x000000008cf00000, 0x000000008cf00000|100%| O|  |TAMS 0x000000008cf00000, 0x000000008ce00000| Untracked 
|  41|0x000000008cf00000, 0x000000008d000000, 0x000000008d000000|100%| O|  |TAMS 0x000000008d000000, 0x000000008cf00000| Untracked 
|  42|0x000000008d000000, 0x000000008d100000, 0x000000008d100000|100%| O|  |TAMS 0x000000008d100000, 0x000000008d000000| Untracked 
|  43|0x000000008d100000, 0x000000008d200000, 0x000000008d200000|100%| O|  |TAMS 0x000000008d200000, 0x000000008d100000| Untracked 
|  44|0x000000008d200000, 0x000000008d300000, 0x000000008d300000|100%| O|  |TAMS 0x000000008d300000, 0x000000008d200000| Untracked 
|  45|0x000000008d300000, 0x000000008d400000, 0x000000008d400000|100%| O|  |TAMS 0x000000008d400000, 0x000000008d300000| Untracked 
|  46|0x000000008d400000, 0x000000008d500000, 0x000000008d500000|100%| O|  |TAMS 0x000000008d500000, 0x000000008d400000| Untracked 
|  47|0x000000008d500000, 0x000000008d600000, 0x000000008d600000|100%| O|  |TAMS 0x000000008d600000, 0x000000008d500000| Untracked 
|  48|0x000000008d600000, 0x000000008d700000, 0x000000008d700000|100%| O|  |TAMS 0x000000008d700000, 0x000000008d600000| Untracked 
|  49|0x000000008d700000, 0x000000008d800000, 0x000000008d800000|100%| O|  |TAMS 0x000000008d800000, 0x000000008d700000| Untracked 
|  50|0x000000008d800000, 0x000000008d900000, 0x000000008d900000|100%| O|  |TAMS 0x000000008d900000, 0x000000008d800000| Untracked 
|  51|0x000000008d900000, 0x000000008d980000, 0x000000008da00000| 50%| O|  |TAMS 0x000000008d980000, 0x000000008d900000| Untracked 
|  52|0x000000008da00000, 0x000000008da00000, 0x000000008db00000|  0%| F|  |TAMS 0x000000008da00000, 0x000000008da00000| Untracked 
|  53|0x000000008db00000, 0x000000008db00000, 0x000000008dc00000|  0%| F|  |TAMS 0x000000008db00000, 0x000000008db00000| Untracked 
|  54|0x000000008dc00000, 0x000000008dc00000, 0x000000008dd00000|  0%| F|  |TAMS 0x000000008dc00000, 0x000000008dc00000| Untracked 
|  55|0x000000008dd00000, 0x000000008dd00000, 0x000000008de00000|  0%| F|  |TAMS 0x000000008dd00000, 0x000000008dd00000| Untracked 
|  56|0x000000008de00000, 0x000000008de00000, 0x000000008df00000|  0%| F|  |TAMS 0x000000008de00000, 0x000000008de00000| Untracked 
|  57|0x000000008df00000, 0x000000008df00000, 0x000000008e000000|  0%| F|  |TAMS 0x000000008df00000, 0x000000008df00000| Untracked 
|  58|0x000000008e000000, 0x000000008e000000, 0x000000008e100000|  0%| F|  |TAMS 0x000000008e000000, 0x000000008e000000| Untracked 
|  59|0x000000008e100000, 0x000000008e100000, 0x000000008e200000|  0%| F|  |TAMS 0x000000008e100000, 0x000000008e100000| Untracked 
|  60|0x000000008e200000, 0x000000008e200000, 0x000000008e300000|  0%| F|  |TAMS 0x000000008e200000, 0x000000008e200000| Untracked 
|  61|0x000000008e300000, 0x000000008e300000, 0x000000008e400000|  0%| F|  |TAMS 0x000000008e300000, 0x000000008e300000| Untracked 
|  62|0x000000008e400000, 0x000000008e400000, 0x000000008e500000|  0%| F|  |TAMS 0x000000008e400000, 0x000000008e400000| Untracked 
|  63|0x000000008e500000, 0x000000008e500000, 0x000000008e600000|  0%| F|  |TAMS 0x000000008e500000, 0x000000008e500000| Untracked 
|  64|0x000000008e600000, 0x000000008e600000, 0x000000008e700000|  0%| F|  |TAMS 0x000000008e600000, 0x000000008e600000| Untracked 
|  65|0x000000008e700000, 0x000000008e700000, 0x000000008e800000|  0%| F|  |TAMS 0x000000008e700000, 0x000000008e700000| Untracked 
|  66|0x000000008e800000, 0x000000008e800000, 0x000000008e900000|  0%| F|  |TAMS 0x000000008e800000, 0x000000008e800000| Untracked 
|  67|0x000000008e900000, 0x000000008e900000, 0x000000008ea00000|  0%| F|  |TAMS 0x000000008e900000, 0x000000008e900000| Untracked 
|  68|0x000000008ea00000, 0x000000008ea00000, 0x000000008eb00000|  0%| F|  |TAMS 0x000000008ea00000, 0x000000008ea00000| Untracked 
|  69|0x000000008eb00000, 0x000000008eb00000, 0x000000008ec00000|  0%| F|  |TAMS 0x000000008eb00000, 0x000000008eb00000| Untracked 
|  70|0x000000008ec00000, 0x000000008ec00000, 0x000000008ed00000|  0%| F|  |TAMS 0x000000008ec00000, 0x000000008ec00000| Untracked 
|  71|0x000000008ed00000, 0x000000008ed00000, 0x000000008ee00000|  0%| F|  |TAMS 0x000000008ed00000, 0x000000008ed00000| Untracked 
|  72|0x000000008ee00000, 0x000000008ee00000, 0x000000008ef00000|  0%| F|  |TAMS 0x000000008ee00000, 0x000000008ee00000| Untracked 
|  73|0x000000008ef00000, 0x000000008ef00000, 0x000000008f000000|  0%| F|  |TAMS 0x000000008ef00000, 0x000000008ef00000| Untracked 
|  74|0x000000008f000000, 0x000000008f000000, 0x000000008f100000|  0%| F|  |TAMS 0x000000008f000000, 0x000000008f000000| Untracked 
|  75|0x000000008f100000, 0x000000008f100000, 0x000000008f200000|  0%| F|  |TAMS 0x000000008f100000, 0x000000008f100000| Untracked 
|  76|0x000000008f200000, 0x000000008f200000, 0x000000008f300000|  0%| F|  |TAMS 0x000000008f200000, 0x000000008f200000| Untracked 
|  77|0x000000008f300000, 0x000000008f300000, 0x000000008f400000|  0%| F|  |TAMS 0x000000008f300000, 0x000000008f300000| Untracked 
|  78|0x000000008f400000, 0x000000008f400000, 0x000000008f500000|  0%| F|  |TAMS 0x000000008f400000, 0x000000008f400000| Untracked 
|  79|0x000000008f500000, 0x000000008f500000, 0x000000008f600000|  0%| F|  |TAMS 0x000000008f500000, 0x000000008f500000| Untracked 
|  80|0x000000008f600000, 0x000000008f600000, 0x000000008f700000|  0%| F|  |TAMS 0x000000008f600000, 0x000000008f600000| Untracked 
|  81|0x000000008f700000, 0x000000008f700000, 0x000000008f800000|  0%| F|  |TAMS 0x000000008f700000, 0x000000008f700000| Untracked 
|  82|0x000000008f800000, 0x000000008f800000, 0x000000008f900000|  0%| F|  |TAMS 0x000000008f800000, 0x000000008f800000| Untracked 
|  83|0x000000008f900000, 0x000000008f900000, 0x000000008fa00000|  0%| F|  |TAMS 0x000000008f900000, 0x000000008f900000| Untracked 
|  84|0x000000008fa00000, 0x000000008fa00000, 0x000000008fb00000|  0%| F|  |TAMS 0x000000008fa00000, 0x000000008fa00000| Untracked 
|  85|0x000000008fb00000, 0x000000008fb00000, 0x000000008fc00000|  0%| F|  |TAMS 0x000000008fb00000, 0x000000008fb00000| Untracked 
|  86|0x000000008fc00000, 0x000000008fc00000, 0x000000008fd00000|  0%| F|  |TAMS 0x000000008fc00000, 0x000000008fc00000| Untracked 
|  87|0x000000008fd00000, 0x000000008fd00000, 0x000000008fe00000|  0%| F|  |TAMS 0x000000008fd00000, 0x000000008fd00000| Untracked 
|  88|0x000000008fe00000, 0x000000008fe00000, 0x000000008ff00000|  0%| F|  |TAMS 0x000000008fe00000, 0x000000008fe00000| Untracked 
|  89|0x000000008ff00000, 0x000000008ff00000, 0x0000000090000000|  0%| F|  |TAMS 0x000000008ff00000, 0x000000008ff00000| Untracked 
|  90|0x0000000090000000, 0x0000000090000000, 0x0000000090100000|  0%| F|  |TAMS 0x0000000090000000, 0x0000000090000000| Untracked 
|  91|0x0000000090100000, 0x0000000090100000, 0x0000000090200000|  0%| F|  |TAMS 0x0000000090100000, 0x0000000090100000| Untracked 
|  92|0x0000000090200000, 0x0000000090200000, 0x0000000090300000|  0%| F|  |TAMS 0x0000000090200000, 0x0000000090200000| Untracked 
|  93|0x0000000090300000, 0x0000000090300000, 0x0000000090400000|  0%| F|  |TAMS 0x0000000090300000, 0x0000000090300000| Untracked 
|  94|0x0000000090400000, 0x0000000090400000, 0x0000000090500000|  0%| F|  |TAMS 0x0000000090400000, 0x0000000090400000| Untracked 
|  95|0x0000000090500000, 0x0000000090500000, 0x0000000090600000|  0%| F|  |TAMS 0x0000000090500000, 0x0000000090500000| Untracked 
|  96|0x0000000090600000, 0x0000000090600000, 0x0000000090700000|  0%| F|  |TAMS 0x0000000090600000, 0x0000000090600000| Untracked 
|  97|0x0000000090700000, 0x0000000090700000, 0x0000000090800000|  0%| F|  |TAMS 0x0000000090700000, 0x0000000090700000| Untracked 
|  98|0x0000000090800000, 0x0000000090800000, 0x0000000090900000|  0%| F|  |TAMS 0x0000000090800000, 0x0000000090800000| Untracked 
|  99|0x0000000090900000, 0x0000000090900000, 0x0000000090a00000|  0%| F|  |TAMS 0x0000000090900000, 0x0000000090900000| Untracked 
| 100|0x0000000090a00000, 0x0000000090a00000, 0x0000000090b00000|  0%| F|  |TAMS 0x0000000090a00000, 0x0000000090a00000| Untracked 
| 101|0x0000000090b00000, 0x0000000090b00000, 0x0000000090c00000|  0%| F|  |TAMS 0x0000000090b00000, 0x0000000090b00000| Untracked 
| 102|0x0000000090c00000, 0x0000000090c00000, 0x0000000090d00000|  0%| F|  |TAMS 0x0000000090c00000, 0x0000000090c00000| Untracked 
| 103|0x0000000090d00000, 0x0000000090d00000, 0x0000000090e00000|  0%| F|  |TAMS 0x0000000090d00000, 0x0000000090d00000| Untracked 
| 104|0x0000000090e00000, 0x0000000090e00000, 0x0000000090f00000|  0%| F|  |TAMS 0x0000000090e00000, 0x0000000090e00000| Untracked 
| 105|0x0000000090f00000, 0x0000000090f00000, 0x0000000091000000|  0%| F|  |TAMS 0x0000000090f00000, 0x0000000090f00000| Untracked 
| 106|0x0000000091000000, 0x0000000091000000, 0x0000000091100000|  0%| F|  |TAMS 0x0000000091000000, 0x0000000091000000| Untracked 
| 107|0x0000000091100000, 0x0000000091100000, 0x0000000091200000|  0%| F|  |TAMS 0x0000000091100000, 0x0000000091100000| Untracked 
| 108|0x0000000091200000, 0x0000000091200000, 0x0000000091300000|  0%| F|  |TAMS 0x0000000091200000, 0x0000000091200000| Untracked 
| 109|0x0000000091300000, 0x0000000091300000, 0x0000000091400000|  0%| F|  |TAMS 0x0000000091300000, 0x0000000091300000| Untracked 
| 110|0x0000000091400000, 0x0000000091400000, 0x0000000091500000|  0%| F|  |TAMS 0x0000000091400000, 0x0000000091400000| Untracked 
| 111|0x0000000091500000, 0x0000000091500000, 0x0000000091600000|  0%| F|  |TAMS 0x0000000091500000, 0x0000000091500000| Untracked 
| 112|0x0000000091600000, 0x0000000091600000, 0x0000000091700000|  0%| F|  |TAMS 0x0000000091600000, 0x0000000091600000| Untracked 
| 113|0x0000000091700000, 0x0000000091700000, 0x0000000091800000|  0%| F|  |TAMS 0x0000000091700000, 0x0000000091700000| Untracked 
| 114|0x0000000091800000, 0x0000000091800000, 0x0000000091900000|  0%| F|  |TAMS 0x0000000091800000, 0x0000000091800000| Untracked 
| 115|0x0000000091900000, 0x0000000091900000, 0x0000000091a00000|  0%| F|  |TAMS 0x0000000091900000, 0x0000000091900000| Untracked 
| 116|0x0000000091a00000, 0x0000000091a00000, 0x0000000091b00000|  0%| F|  |TAMS 0x0000000091a00000, 0x0000000091a00000| Untracked 
| 117|0x0000000091b00000, 0x0000000091b00000, 0x0000000091c00000|  0%| F|  |TAMS 0x0000000091b00000, 0x0000000091b00000| Untracked 
| 118|0x0000000091c00000, 0x0000000091c00000, 0x0000000091d00000|  0%| F|  |TAMS 0x0000000091c00000, 0x0000000091c00000| Untracked 
| 119|0x0000000091d00000, 0x0000000091d00000, 0x0000000091e00000|  0%| F|  |TAMS 0x0000000091d00000, 0x0000000091d00000| Untracked 
| 120|0x0000000091e00000, 0x0000000091e00000, 0x0000000091f00000|  0%| F|  |TAMS 0x0000000091e00000, 0x0000000091e00000| Untracked 
| 121|0x0000000091f00000, 0x0000000091f00000, 0x0000000092000000|  0%| F|  |TAMS 0x0000000091f00000, 0x0000000091f00000| Untracked 
| 122|0x0000000092000000, 0x0000000092000000, 0x0000000092100000|  0%| F|  |TAMS 0x0000000092000000, 0x0000000092000000| Untracked 
| 123|0x0000000092100000, 0x0000000092100000, 0x0000000092200000|  0%| F|  |TAMS 0x0000000092100000, 0x0000000092100000| Untracked 
| 124|0x0000000092200000, 0x0000000092200000, 0x0000000092300000|  0%| F|  |TAMS 0x0000000092200000, 0x0000000092200000| Untracked 
| 125|0x0000000092300000, 0x0000000092300000, 0x0000000092400000|  0%| F|  |TAMS 0x0000000092300000, 0x0000000092300000| Untracked 
| 126|0x0000000092400000, 0x0000000092400000, 0x0000000092500000|  0%| F|  |TAMS 0x0000000092400000, 0x0000000092400000| Untracked 
| 127|0x0000000092500000, 0x0000000092500000, 0x0000000092600000|  0%| F|  |TAMS 0x0000000092500000, 0x0000000092500000| Untracked 
| 128|0x0000000092600000, 0x0000000092700000, 0x0000000092700000|100%| E|  |TAMS 0x0000000092600000, 0x0000000092600000| Complete 
| 129|0x0000000092700000, 0x0000000092800000, 0x0000000092800000|100%| E|CS|TAMS 0x0000000092700000, 0x0000000092700000| Complete 
| 130|0x0000000092800000, 0x0000000092900000, 0x0000000092900000|100%| E|CS|TAMS 0x0000000092800000, 0x0000000092800000| Complete 
| 131|0x0000000092900000, 0x0000000092a00000, 0x0000000092a00000|100%| E|CS|TAMS 0x0000000092900000, 0x0000000092900000| Complete 
| 132|0x0000000092a00000, 0x0000000092b00000, 0x0000000092b00000|100%| E|CS|TAMS 0x0000000092a00000, 0x0000000092a00000| Complete 
| 133|0x0000000092b00000, 0x0000000092c00000, 0x0000000092c00000|100%| E|CS|TAMS 0x0000000092b00000, 0x0000000092b00000| Complete 
| 134|0x0000000092c00000, 0x0000000092d00000, 0x0000000092d00000|100%| E|CS|TAMS 0x0000000092c00000, 0x0000000092c00000| Complete 
| 135|0x0000000092d00000, 0x0000000092e00000, 0x0000000092e00000|100%| E|CS|TAMS 0x0000000092d00000, 0x0000000092d00000| Complete 
| 136|0x0000000092e00000, 0x0000000092f00000, 0x0000000092f00000|100%| E|CS|TAMS 0x0000000092e00000, 0x0000000092e00000| Complete 
| 137|0x0000000092f00000, 0x0000000093000000, 0x0000000093000000|100%| E|CS|TAMS 0x0000000092f00000, 0x0000000092f00000| Complete 
| 138|0x0000000093000000, 0x0000000093100000, 0x0000000093100000|100%| E|CS|TAMS 0x0000000093000000, 0x0000000093000000| Complete 
| 139|0x0000000093100000, 0x0000000093200000, 0x0000000093200000|100%| E|CS|TAMS 0x0000000093100000, 0x0000000093100000| Complete 
| 140|0x0000000093200000, 0x0000000093300000, 0x0000000093300000|100%| E|CS|TAMS 0x0000000093200000, 0x0000000093200000| Complete 
| 141|0x0000000093300000, 0x0000000093400000, 0x0000000093400000|100%| E|CS|TAMS 0x0000000093300000, 0x0000000093300000| Complete 
| 142|0x0000000093400000, 0x0000000093480000, 0x0000000093500000| 50%| S|CS|TAMS 0x0000000093400000, 0x0000000093400000| Complete 
| 143|0x0000000093500000, 0x0000000093600000, 0x0000000093600000|100%| S|CS|TAMS 0x0000000093500000, 0x0000000093500000| Complete 
| 144|0x0000000093600000, 0x0000000093700000, 0x0000000093700000|100%| E|CS|TAMS 0x0000000093600000, 0x0000000093600000| Complete 
| 145|0x0000000093700000, 0x0000000093800000, 0x0000000093800000|100%| E|CS|TAMS 0x0000000093700000, 0x0000000093700000| Complete 
| 146|0x0000000093800000, 0x0000000093900000, 0x0000000093900000|100%| E|CS|TAMS 0x0000000093800000, 0x0000000093800000| Complete 
| 147|0x0000000093900000, 0x0000000093a00000, 0x0000000093a00000|100%| E|CS|TAMS 0x0000000093900000, 0x0000000093900000| Complete 
| 148|0x0000000093a00000, 0x0000000093b00000, 0x0000000093b00000|100%| E|CS|TAMS 0x0000000093a00000, 0x0000000093a00000| Complete 
| 149|0x0000000093b00000, 0x0000000093c00000, 0x0000000093c00000|100%| E|CS|TAMS 0x0000000093b00000, 0x0000000093b00000| Complete 
| 150|0x0000000093c00000, 0x0000000093d00000, 0x0000000093d00000|100%| E|CS|TAMS 0x0000000093c00000, 0x0000000093c00000| Complete 
| 151|0x0000000093d00000, 0x0000000093e00000, 0x0000000093e00000|100%| E|CS|TAMS 0x0000000093d00000, 0x0000000093d00000| Complete 
| 152|0x0000000093e00000, 0x0000000093f00000, 0x0000000093f00000|100%| E|CS|TAMS 0x0000000093e00000, 0x0000000093e00000| Complete 
| 153|0x0000000093f00000, 0x0000000094000000, 0x0000000094000000|100%| E|CS|TAMS 0x0000000093f00000, 0x0000000093f00000| Complete 
| 154|0x0000000094000000, 0x0000000094100000, 0x0000000094100000|100%| E|CS|TAMS 0x0000000094000000, 0x0000000094000000| Complete 
| 155|0x0000000094100000, 0x0000000094200000, 0x0000000094200000|100%| E|CS|TAMS 0x0000000094100000, 0x0000000094100000| Complete 
| 156|0x0000000094200000, 0x0000000094300000, 0x0000000094300000|100%| E|CS|TAMS 0x0000000094200000, 0x0000000094200000| Complete 
| 157|0x0000000094300000, 0x0000000094400000, 0x0000000094400000|100%| E|CS|TAMS 0x0000000094300000, 0x0000000094300000| Complete 
| 158|0x0000000094400000, 0x0000000094500000, 0x0000000094500000|100%| E|CS|TAMS 0x0000000094400000, 0x0000000094400000| Complete 
| 159|0x0000000094500000, 0x0000000094600000, 0x0000000094600000|100%| E|CS|TAMS 0x0000000094500000, 0x0000000094500000| Complete 
| 160|0x0000000094600000, 0x0000000094700000, 0x0000000094700000|100%| E|CS|TAMS 0x0000000094600000, 0x0000000094600000| Complete 
| 161|0x0000000094700000, 0x0000000094800000, 0x0000000094800000|100%| E|CS|TAMS 0x0000000094700000, 0x0000000094700000| Complete 
| 162|0x0000000094800000, 0x0000000094900000, 0x0000000094900000|100%| E|CS|TAMS 0x0000000094800000, 0x0000000094800000| Complete 
| 163|0x0000000094900000, 0x0000000094a00000, 0x0000000094a00000|100%| E|CS|TAMS 0x0000000094900000, 0x0000000094900000| Complete 
| 164|0x0000000094a00000, 0x0000000094b00000, 0x0000000094b00000|100%| E|CS|TAMS 0x0000000094a00000, 0x0000000094a00000| Complete 
| 165|0x0000000094b00000, 0x0000000094c00000, 0x0000000094c00000|100%| E|CS|TAMS 0x0000000094b00000, 0x0000000094b00000| Complete 
| 166|0x0000000094c00000, 0x0000000094d00000, 0x0000000094d00000|100%| E|CS|TAMS 0x0000000094c00000, 0x0000000094c00000| Complete 
| 167|0x0000000094d00000, 0x0000000094e00000, 0x0000000094e00000|100%| E|CS|TAMS 0x0000000094d00000, 0x0000000094d00000| Complete 
| 168|0x0000000094e00000, 0x0000000094f00000, 0x0000000094f00000|100%| E|CS|TAMS 0x0000000094e00000, 0x0000000094e00000| Complete 
| 169|0x0000000094f00000, 0x0000000095000000, 0x0000000095000000|100%| E|CS|TAMS 0x0000000094f00000, 0x0000000094f00000| Complete 
| 170|0x0000000095000000, 0x0000000095100000, 0x0000000095100000|100%| E|CS|TAMS 0x0000000095000000, 0x0000000095000000| Complete 
| 171|0x0000000095100000, 0x0000000095200000, 0x0000000095200000|100%| E|CS|TAMS 0x0000000095100000, 0x0000000095100000| Complete 
| 172|0x0000000095200000, 0x0000000095300000, 0x0000000095300000|100%| E|CS|TAMS 0x0000000095200000, 0x0000000095200000| Complete 
| 173|0x0000000095300000, 0x0000000095400000, 0x0000000095400000|100%| E|CS|TAMS 0x0000000095300000, 0x0000000095300000| Complete 

Card table byte_map: [0x0000020946ea0000,0x0000020947250000] _byte_map_base: 0x0000020946a4d000

Marking Bits (Prev, Next): (CMBitMap*) 0x000002092fefe1d0, (CMBitMap*) 0x000002092fefe198
 Prev Bits: [0x0000020949370000, 0x000002094b0d8000)
 Next Bits: [0x0000020947600000, 0x0000020949368000)

Polling page: 0x000002092f690000

Metaspace:

Usage:
  Non-class:     52.49 MB capacity,    52.07 MB (>99%) used,   322.45 KB ( <1%) free+waste,   104.94 KB ( <1%) overhead. 
      Class:      7.13 MB capacity,     6.81 MB ( 95%) used,   282.72 KB (  4%) free+waste,    48.19 KB ( <1%) overhead. 
       Both:     59.62 MB capacity,    58.88 MB ( 99%) used,   605.17 KB ( <1%) free+waste,   153.12 KB ( <1%) overhead. 

Virtual space:
  Non-class space:       54.00 MB reserved,      52.76 MB ( 98%) committed 
      Class space:        1.00 GB reserved,       7.25 MB ( <1%) committed 
             Both:        1.05 GB reserved,      60.01 MB (  6%) committed 

Chunk freelists:
   Non-Class:  10.00 KB
       Class:  3.00 KB
        Both:  13.00 KB

CodeHeap 'non-profiled nmethods': size=120000Kb used=3406Kb max_used=3406Kb free=116593Kb
 bounds [0x000002093f060000, 0x000002093f3c0000, 0x0000020946590000]
CodeHeap 'profiled nmethods': size=120000Kb used=18300Kb max_used=18300Kb free=101699Kb
 bounds [0x0000020937b30000, 0x0000020938d10000, 0x000002093f060000]
CodeHeap 'non-nmethods': size=5760Kb used=1222Kb max_used=1267Kb free=4537Kb
 bounds [0x0000020937590000, 0x0000020937800000, 0x0000020937b30000]
 total_blobs=8199 nmethods=7617 adapters=491
 compilation: enabled
              stopped_count=0, restarted_count=0
 full_count=0

Compilation events (10 events):
Event: 12.946 Thread 0x000002094e680800 7773       2       org.jetbrains.kotlin.serialization.deserialization.descriptors.DeserializedSimpleFunctionDescriptor::<init> (106 bytes)
Event: 12.949 Thread 0x000002094e680800 nmethod 7773 0x0000020938d0b410 code [0x0000020938d0b800, 0x0000020938d0c808]
Event: 12.949 Thread 0x000002094e680800 7774       1       org.jetbrains.kotlin.resolve.calls.inference.model.IncorporationConstraintPosition::getInitialConstraint (5 bytes)
Event: 12.949 Thread 0x000002094e680800 nmethod 7774 0x000002093f3b3810 code [0x000002093f3b39a0, 0x000002093f3b3a58]
Event: 12.952 Thread 0x000002094e680800 7775       2       kotlin.sequences.FlatteningSequence$iterator$1::hasNext (5 bytes)
Event: 12.952 Thread 0x000002094e680800 nmethod 7775 0x0000020938d0d190 code [0x0000020938d0d320, 0x0000020938d0d428]
Event: 12.974 Thread 0x000002094e680800 7777       2       kotlin.sequences.FlatteningSequence$iterator$1::ensureItemIterator (112 bytes)
Event: 12.975 Thread 0x000002094e680800 nmethod 7777 0x0000020938d0d510 code [0x0000020938d0d700, 0x0000020938d0daf8]
Event: 12.982 Thread 0x000002094e680800 7778       2       org.jetbrains.kotlin.builtins.KotlinBuiltIns::isUnderKotlinPackage (50 bytes)
Event: 12.983 Thread 0x000002094e680800 nmethod 7778 0x0000020938d0dc90 code [0x0000020938d0de60, 0x0000020938d0e118]

GC Heap History (10 events):
Event: 6.357 GC heap before
{Heap before GC invocations=6 (full 0):
 garbage-first heap   total 120832K, used 64791K [0x000000008a600000, 0x0000000100000000)
  region size 1024K, 45 young (46080K), 2 survivors (2048K)
 Metaspace       used 44317K, capacity 44767K, committed 45008K, reserved 1089536K
  class space    used 5282K, capacity 5481K, committed 5504K, reserved 1048576K
}
Event: 6.375 GC heap after
{Heap after GC invocations=7 (full 0):
 garbage-first heap   total 148480K, used 25367K [0x000000008a600000, 0x0000000100000000)
  region size 1024K, 6 young (6144K), 6 survivors (6144K)
 Metaspace       used 44317K, capacity 44767K, committed 45008K, reserved 1089536K
  class space    used 5282K, capacity 5481K, committed 5504K, reserved 1048576K
}
Event: 7.607 GC heap before
{Heap before GC invocations=7 (full 0):
 garbage-first heap   total 148480K, used 81687K [0x000000008a600000, 0x0000000100000000)
  region size 1024K, 58 young (59392K), 6 survivors (6144K)
 Metaspace       used 49136K, capacity 49667K, committed 49872K, reserved 1093632K
  class space    used 5768K, capacity 5998K, committed 6016K, reserved 1048576K
}
Event: 7.632 GC heap after
{Heap after GC invocations=8 (full 0):
 garbage-first heap   total 148480K, used 34293K [0x000000008a600000, 0x0000000100000000)
  region size 1024K, 7 young (7168K), 7 survivors (7168K)
 Metaspace       used 49136K, capacity 49667K, committed 49872K, reserved 1093632K
  class space    used 5768K, capacity 5998K, committed 6016K, reserved 1048576K
}
Event: 10.225 GC heap before
{Heap before GC invocations=8 (full 0):
 garbage-first heap   total 148480K, used 89589K [0x000000008a600000, 0x0000000100000000)
  region size 1024K, 61 young (62464K), 7 survivors (7168K)
 Metaspace       used 58041K, capacity 58778K, committed 58960K, reserved 1101824K
  class space    used 6767K, capacity 7100K, committed 7168K, reserved 1048576K
}
Event: 10.254 GC heap after
{Heap after GC invocations=9 (full 0):
 garbage-first heap   total 148480K, used 42360K [0x000000008a600000, 0x0000000100000000)
  region size 1024K, 8 young (8192K), 8 survivors (8192K)
 Metaspace       used 58041K, capacity 58778K, committed 58960K, reserved 1101824K
  class space    used 6767K, capacity 7100K, committed 7168K, reserved 1048576K
}
Event: 11.855 GC heap before
{Heap before GC invocations=9 (full 0):
 garbage-first heap   total 148480K, used 96632K [0x000000008a600000, 0x0000000100000000)
  region size 1024K, 61 young (62464K), 8 survivors (8192K)
 Metaspace       used 59258K, capacity 60022K, committed 60296K, reserved 1101824K
  class space    used 6839K, capacity 7173K, committed 7296K, reserved 1048576K
}
Event: 11.897 GC heap after
{Heap after GC invocations=10 (full 0):
 garbage-first heap   total 148480K, used 52023K [0x000000008a600000, 0x0000000100000000)
  region size 1024K, 8 young (8192K), 8 survivors (8192K)
 Metaspace       used 59258K, capacity 60022K, committed 60296K, reserved 1101824K
  class space    used 6839K, capacity 7173K, committed 7296K, reserved 1048576K
}
Event: 11.932 GC heap before
{Heap before GC invocations=10 (full 0):
 garbage-first heap   total 148480K, used 52023K [0x000000008a600000, 0x0000000100000000)
  region size 1024K, 9 young (9216K), 8 survivors (8192K)
 Metaspace       used 59372K, capacity 60118K, committed 60296K, reserved 1101824K
  class space    used 6854K, capacity 7205K, committed 7296K, reserved 1048576K
}
Event: 11.955 GC heap after
{Heap after GC invocations=11 (full 0):
 garbage-first heap   total 178176K, used 54272K [0x000000008a600000, 0x0000000100000000)
  region size 1024K, 2 young (2048K), 2 survivors (2048K)
 Metaspace       used 59372K, capacity 60118K, committed 60296K, reserved 1101824K
  class space    used 6854K, capacity 7205K, committed 7296K, reserved 1048576K
}

Deoptimization events (10 events):
Event: 12.498 Thread 0x000002092fec3800 Uncommon trap: reason=unstable_if action=reinterpret pc=0x000002093f3846e8 method=org.jetbrains.kotlin.types.DisjointKeysUnionTypeSubstitution$Companion.create(Lorg/jetbrains/kotlin/types/TypeSubstitution;Lorg/jetbrains/kotlin/types/TypeSubstitution;)Lorg
Event: 12.510 Thread 0x000002092fec3800 Uncommon trap: reason=unstable_if action=reinterpret pc=0x000002093f38bb9c method=org.jetbrains.kotlin.descriptors.DescriptorVisibilities.findInvisibleMember(Lorg/jetbrains/kotlin/resolve/scopes/receivers/ReceiverValue;Lorg/jetbrains/kotlin/descriptors/De
Event: 12.533 Thread 0x000002092fec3800 Uncommon trap: reason=bimorphic_or_optimized_type_check action=maybe_recompile pc=0x000002093f34e240 method=kotlin.sequences.FlatteningSequence$iterator$1.ensureItemIterator()Z @ 59 c2
Event: 12.922 Thread 0x000002092fec3800 Uncommon trap: reason=bimorphic_or_optimized_type_check action=maybe_recompile pc=0x000002093f358ae8 method=org.jetbrains.kotlin.builtins.KotlinBuiltIns.isUnderKotlinPackage(Lorg/jetbrains/kotlin/descriptors/DeclarationDescriptor;)Z @ 39 c2
Event: 12.923 Thread 0x000002092fec3800 Uncommon trap: reason=bimorphic_or_optimized_type_check action=maybe_recompile pc=0x000002093f34e240 method=kotlin.sequences.FlatteningSequence$iterator$1.ensureItemIterator()Z @ 59 c2
Event: 12.923 Thread 0x000002092fec3800 Uncommon trap: reason=bimorphic_or_optimized_type_check action=maybe_recompile pc=0x000002093f33abc0 method=kotlin.sequences.FlatteningSequence$iterator$1.ensureItemIterator()Z @ 59 c2
Event: 12.923 Thread 0x000002092fec3800 Uncommon trap: reason=bimorphic_or_optimized_type_check action=maybe_recompile pc=0x000002093f358ae8 method=org.jetbrains.kotlin.builtins.KotlinBuiltIns.isUnderKotlinPackage(Lorg/jetbrains/kotlin/descriptors/DeclarationDescriptor;)Z @ 39 c2
Event: 12.934 Thread 0x000002092fec3800 Uncommon trap: reason=class_check action=maybe_recompile pc=0x000002093f388e7c method=org.jetbrains.kotlin.load.java.lazy.descriptors.LazyJavaClassMemberScope.computeImplicitlyDeclaredFunctions(Ljava/util/Collection;Lorg/jetbrains/kotlin/name/Name;)V @ 18
Event: 12.935 Thread 0x000002092fec3800 Uncommon trap: reason=class_check action=maybe_recompile pc=0x000002093f388e7c method=org.jetbrains.kotlin.load.java.lazy.descriptors.LazyJavaClassMemberScope.computeImplicitlyDeclaredFunctions(Ljava/util/Collection;Lorg/jetbrains/kotlin/name/Name;)V @ 18
Event: 12.935 Thread 0x000002092fec3800 Uncommon trap: reason=class_check action=maybe_recompile pc=0x000002093f388e7c method=org.jetbrains.kotlin.load.java.lazy.descriptors.LazyJavaClassMemberScope.computeImplicitlyDeclaredFunctions(Ljava/util/Collection;Lorg/jetbrains/kotlin/name/Name;)V @ 18

Classes redefined (0 events):
No events

Internal exceptions (10 events):
Event: 9.037 Thread 0x000002092fec3800 Exception <a 'java/lang/NoSuchMethodError'{0x000000009134bf00}: java.lang.invoke.Invokers$Holder.linkToTargetMethod(Ljava/lang/Object;Ljava/lang/Object;Ljava/lang/Object;ILjava/lang/Object;)Ljava/lang/Object;> (0x000000009134bf00) thrown at [./open/src/ho
Event: 9.066 Thread 0x000002092fec3800 Exception <a 'java/lang/NoSuchMethodError'{0x00000000913efea8}: java.lang.invoke.DirectMethodHandle$Holder.invokeStaticInit(Ljava/lang/Object;Ljava/lang/Object;Ljava/lang/Object;)Ljava/lang/Object;> (0x00000000913efea8) thrown at [./open/src/hotspot/share
Event: 9.142 Thread 0x000002092fec3800 Exception <a 'java/lang/NoSuchMethodError'{0x0000000091152c10}: java.lang.invoke.DirectMethodHandle$Holder.invokeStatic(Ljava/lang/Object;Ljava/lang/Object;Ljava/lang/Object;Ljava/lang/Object;Ljava/lang/Object;)I> (0x0000000091152c10) thrown at [./open/sr
Event: 9.219 Thread 0x000002092fec3800 Exception <a 'java/lang/NoSuchMethodError'{0x00000000910ba338}: java.lang.invoke.DirectMethodHandle$Holder.invokeInterface(Ljava/lang/Object;Ljava/lang/Object;)V> (0x00000000910ba338) thrown at [./open/src/hotspot/share/interpreter/linkResolver.cpp, line 
Event: 10.454 Thread 0x000002092fec3800 Exception <a 'java/lang/NoSuchMethodError'{0x00000000933b3ba8}: java.lang.invoke.DirectMethodHandle$Holder.invokeInterface(Ljava/lang/Object;Ljava/lang/Object;)I> (0x00000000933b3ba8) thrown at [./open/src/hotspot/share/interpreter/linkResolver.cpp, line 
Event: 11.722 Thread 0x000002092fec3800 Exception <a 'java/lang/NoSuchMethodError'{0x000000009069c7d8}: java.lang.invoke.DirectMethodHandle$Holder.invokeStatic(Ljava/lang/Object;ILjava/lang/Object;Ljava/lang/Object;)Ljava/lang/Object;> (0x000000009069c7d8) thrown at [./open/src/hotspot/share/in
Event: 11.723 Thread 0x000002092fec3800 Exception <a 'java/lang/NoSuchMethodError'{0x00000000906a3f98}: java.lang.invoke.DirectMethodHandle$Holder.invokeStatic(Ljava/lang/Object;ILjava/lang/Object;)Ljava/lang/Object;> (0x00000000906a3f98) thrown at [./open/src/hotspot/share/interpreter/linkReso
Event: 11.853 Thread 0x000002092fec3800 Exception <a 'java/lang/NoSuchMethodError'{0x00000000902f8ee8}: java.lang.invoke.Invokers$Holder.linkToTargetMethod(Ljava/lang/Object;Ljava/lang/Object;Ljava/lang/Object;Ljava/lang/Object;Ljava/lang/Object;Ljava/lang/Object;)Ljava/lang/Object;> (0x0000000
Event: 12.049 Thread 0x000002092fec3800 Implicit null exception at 0x000002093f30c958 to 0x000002093f30d14c
Event: 12.051 Thread 0x000002092fec3800 Implicit null exception at 0x000002093f19114c to 0x000002093f191228

Events (10 events):
Event: 12.923 Thread 0x000002092fec3800 DEOPT UNPACKING pc=0x00000209375b662f sp=0x000000547f9fc848 mode 2
Event: 12.934 Thread 0x000002092fec3800 Uncommon trap: trap_request=0xffffffde fr.pc=0x000002093f388e7c relative=0x0000000000000f1c
Event: 12.934 Thread 0x000002092fec3800 DEOPT PACKING pc=0x000002093f388e7c sp=0x000000547f9fd600
Event: 12.934 Thread 0x000002092fec3800 DEOPT UNPACKING pc=0x00000209375b662f sp=0x000000547f9fd4d8 mode 2
Event: 12.935 Thread 0x000002092fec3800 Uncommon trap: trap_request=0xffffffde fr.pc=0x000002093f388e7c relative=0x0000000000000f1c
Event: 12.935 Thread 0x000002092fec3800 DEOPT PACKING pc=0x000002093f388e7c sp=0x000000547f9fd600
Event: 12.935 Thread 0x000002092fec3800 DEOPT UNPACKING pc=0x00000209375b662f sp=0x000000547f9fd4d8 mode 2
Event: 12.935 Thread 0x000002092fec3800 Uncommon trap: trap_request=0xffffffde fr.pc=0x000002093f388e7c relative=0x0000000000000f1c
Event: 12.935 Thread 0x000002092fec3800 DEOPT PACKING pc=0x000002093f388e7c sp=0x000000547f9fd600
Event: 12.935 Thread 0x000002092fec3800 DEOPT UNPACKING pc=0x00000209375b662f sp=0x000000547f9fd4d8 mode 2


Dynamic libraries:
0x00007ff7af010000 - 0x00007ff7af020000 	C:\Program Files\Java\jdk-11.0.18\bin\java.exe
0x00007ffe57330000 - 0x00007ffe57544000 	C:\WINDOWS\SYSTEM32\ntdll.dll
0x00007ffe55950000 - 0x00007ffe55a12000 	C:\WINDOWS\System32\KERNEL32.DLL
0x00007ffe54ad0000 - 0x00007ffe54e73000 	C:\WINDOWS\System32\KERNELBASE.dll
0x00007ffe54ff0000 - 0x00007ffe55101000 	C:\WINDOWS\System32\ucrtbase.dll
0x00007ffe3c0b0000 - 0x00007ffe3c0c8000 	C:\Program Files\Java\jdk-11.0.18\bin\jli.dll
0x00007ffe3c380000 - 0x00007ffe3c39b000 	C:\Program Files\Java\jdk-11.0.18\bin\VCRUNTIME140.dll
0x00007ffe556b0000 - 0x00007ffe5575e000 	C:\WINDOWS\System32\ADVAPI32.dll
0x00007ffe552d0000 - 0x00007ffe55377000 	C:\WINDOWS\System32\msvcrt.dll
0x00007ffe56e80000 - 0x00007ffe56f24000 	C:\WINDOWS\System32\sechost.dll
0x00007ffe553e0000 - 0x00007ffe554f7000 	C:\WINDOWS\System32\RPCRT4.dll
0x00007ffe56110000 - 0x00007ffe562bb000 	C:\WINDOWS\System32\USER32.dll
0x00007ffe54860000 - 0x00007ffe54886000 	C:\WINDOWS\System32\win32u.dll
0x00007ffe36d30000 - 0x00007ffe36fbe000 	C:\WINDOWS\WinSxS\amd64_microsoft.windows.common-controls_6595b64144ccf1df_6.0.22621.1635_none_270f70857386168e\COMCTL32.dll
0x00007ffe56e50000 - 0x00007ffe56e79000 	C:\WINDOWS\System32\GDI32.dll
0x00007ffe549b0000 - 0x00007ffe54ac9000 	C:\WINDOWS\System32\gdi32full.dll
0x00007ffe54910000 - 0x00007ffe549aa000 	C:\WINDOWS\System32\msvcp_win.dll
0x00007ffe4b410000 - 0x00007ffe4b41a000 	C:\WINDOWS\SYSTEM32\VERSION.dll
0x00007ffe55810000 - 0x00007ffe55841000 	C:\WINDOWS\System32\IMM32.DLL
0x00007ffe3c080000 - 0x00007ffe3c08c000 	C:\Program Files\Java\jdk-11.0.18\bin\vcruntime140_1.dll
0x00007ffe0a830000 - 0x00007ffe0a8be000 	C:\Program Files\Java\jdk-11.0.18\bin\msvcp140.dll
0x00007ffda4500000 - 0x00007ffda5068000 	C:\Program Files\Java\jdk-11.0.18\bin\server\jvm.dll
0x00007ffe56020000 - 0x00007ffe56028000 	C:\WINDOWS\System32\PSAPI.DLL
0x00007ffe4c330000 - 0x00007ffe4c364000 	C:\WINDOWS\SYSTEM32\WINMM.dll
0x00007ffe4b360000 - 0x00007ffe4b369000 	C:\WINDOWS\SYSTEM32\WSOCK32.dll
0x00007ffe55b20000 - 0x00007ffe55b91000 	C:\WINDOWS\System32\WS2_32.dll
0x00007ffe53780000 - 0x00007ffe53798000 	C:\WINDOWS\SYSTEM32\kernel.appcore.dll
0x00007ffe340d0000 - 0x00007ffe340e0000 	C:\Program Files\Java\jdk-11.0.18\bin\verify.dll
0x00007ffe41b70000 - 0x00007ffe41d9e000 	C:\WINDOWS\SYSTEM32\DBGHELP.DLL
0x00007ffe56f60000 - 0x00007ffe572e9000 	C:\WINDOWS\System32\combase.dll
0x00007ffe56030000 - 0x00007ffe56107000 	C:\WINDOWS\System32\OLEAUT32.dll
0x00007ffe34930000 - 0x00007ffe34962000 	C:\WINDOWS\SYSTEM32\dbgcore.DLL
0x00007ffe54890000 - 0x00007ffe5490b000 	C:\WINDOWS\System32\bcryptPrimitives.dll
0x00007ffe256d0000 - 0x00007ffe256f8000 	C:\Program Files\Java\jdk-11.0.18\bin\java.dll
0x00007ffe340c0000 - 0x00007ffe340ca000 	C:\Program Files\Java\jdk-11.0.18\bin\jimage.dll
0x00007ffe25580000 - 0x00007ffe25597000 	C:\Program Files\Java\jdk-11.0.18\bin\zip.dll
0x00007ffe56470000 - 0x00007ffe56c6a000 	C:\WINDOWS\System32\SHELL32.dll
0x00007ffe52700000 - 0x00007ffe52fce000 	C:\WINDOWS\SYSTEM32\windows.storage.dll
0x00007ffe525c0000 - 0x00007ffe526fe000 	C:\WINDOWS\SYSTEM32\wintypes.dll
0x00007ffe55850000 - 0x00007ffe55941000 	C:\WINDOWS\System32\SHCORE.dll
0x00007ffe55270000 - 0x00007ffe552ce000 	C:\WINDOWS\System32\shlwapi.dll
0x00007ffe54660000 - 0x00007ffe54681000 	C:\WINDOWS\SYSTEM32\profapi.dll
0x00007ffe25560000 - 0x00007ffe25579000 	C:\Program Files\Java\jdk-11.0.18\bin\net.dll
0x00007ffe4c020000 - 0x00007ffe4c157000 	C:\WINDOWS\SYSTEM32\WINHTTP.dll
0x00007ffe53bf0000 - 0x00007ffe53c59000 	C:\WINDOWS\system32\mswsock.dll
0x00007ffe25230000 - 0x00007ffe25242000 	C:\Program Files\Java\jdk-11.0.18\bin\nio.dll

dbghelp: loaded successfully - version: 4.0.5 - missing functions: none
symbol engine: initialized successfully - sym options: 0x614 - pdb path: .;C:\Program Files\Java\jdk-11.0.18\bin;C:\WINDOWS\SYSTEM32;C:\WINDOWS\WinSxS\amd64_microsoft.windows.common-controls_6595b64144ccf1df_6.0.22621.1635_none_270f70857386168e;C:\Program Files\Java\jdk-11.0.18\bin\server

VM Arguments:
java_command: org.jetbrains.kotlin.cli.jvm.K2JVMCompiler @C:\jail project\jcms\node_modules\react-native-screens\android\build\20230620_2322053611027310779.compiler.options
java_class_path (initial): C:\Users\Dtel\.gradle\caches\modules-2\files-2.1\org.jetbrains.kotlin\kotlin-compiler-embeddable\1.6.21\97bdd5a752ce73b58ef16c17bc7f0ea2faff7a2e\kotlin-compiler-embeddable-1.6.21.jar;C:\Users\Dtel\.gradle\caches\modules-2\files-2.1\org.jetbrains.kotlin\kotlin-reflect\1.6.21\5dc3574d9b7bebfcb4ec6b10ada4aaa9e140bd0b\kotlin-reflect-1.6.21.jar;C:\Users\Dtel\.gradle\caches\modules-2\files-2.1\org.jetbrains.kotlin\kotlin-stdlib\1.6.21\11ef67f1900634fd951bad28c53ec957fabbe5b8\kotlin-stdlib-1.6.21.jar;C:\Users\Dtel\.gradle\caches\modules-2\files-2.1\org.jetbrains.kotlin\kotlin-script-runtime\1.6.21\99c6675100da5d6d5b1c5a1032f27f28008d101b\kotlin-script-runtime-1.6.21.jar;C:\Users\Dtel\.gradle\caches\modules-2\files-2.1\org.jetbrains.kotlin\kotlin-daemon-embeddable\1.6.21\46b78cf392e1c4f10854c3cadba44abb7b82250f\kotlin-daemon-embeddable-1.6.21.jar;C:\Users\Dtel\.gradle\caches\modules-2\files-2.1\org.jetbrains.intellij.deps\trove4j\1.0.20200330\3afb14d5f9ceb459d724e907a21145e8ff394f02\trove4j-1.0.20200330.jar;C:\Users\Dtel\.gradle\caches\modules-2\files-2.1\net.java.dev.jna\jna\5.6.0\330f2244e9030119ab3030fc3fededc86713d9cc\jna-5.6.0.jar;C:\Users\Dtel\.gradle\caches\modules-2\files-2.1\org.jetbrains.kotlin\kotlin-stdlib-common\1.6.21\5e5b55c26dbc80372a920aef60eb774b714559b8\kotlin-stdlib-common-1.6.21.jar;C:\Users\Dtel\.gradle\caches\modules-2\files-2.1\org.jetbrains\annotations\13.0\919f0dfe192fb4e063e7dacadee7f8bb9a2672a9\annotations-13.0.jar
Launcher Type: SUN_STANDARD

[Global flags]
     intx CICompilerCount                          = 4                                         {product} {ergonomic}
     uint ConcGCThreads                            = 3                                         {product} {ergonomic}
     uint G1ConcRefinementThreads                  = 10                                        {product} {ergonomic}
   size_t G1HeapRegionSize                         = 1048576                                   {product} {ergonomic}
    uintx GCDrainStackTargetSize                   = 64                                        {product} {ergonomic}
   size_t InitialHeapSize                          = 123731968                                 {product} {ergonomic}
   size_t MarkStackSize                            = 4194304                                   {product} {ergonomic}
   size_t MaxHeapSize                              = 1973420032                                {product} {ergonomic}
   size_t MaxNewSize                               = 1183842304                                {product} {ergonomic}
   size_t MinHeapDeltaBytes                        = 1048576                                   {product} {ergonomic}
    uintx NonNMethodCodeHeapSize                   = 5836300                                {pd product} {ergonomic}
    uintx NonProfiledCodeHeapSize                  = 122910970                              {pd product} {ergonomic}
    uintx ProfiledCodeHeapSize                     = 122910970                              {pd product} {ergonomic}
    uintx ReservedCodeCacheSize                    = 251658240                              {pd product} {ergonomic}
     bool SegmentedCodeCache                       = true                                      {product} {ergonomic}
     bool UseCompressedClassPointers               = true                                 {lp64_product} {ergonomic}
     bool UseCompressedOops                        = true                                 {lp64_product} {ergonomic}
     bool UseG1GC                                  = true                                      {product} {ergonomic}
     bool UseLargePagesIndividualAllocation        = false                                  {pd product} {ergonomic}

Logging:
Log output configuration:
 #0: stdout all=warning uptime,level,tags
 #1: stderr all=off uptime,level,tags

Environment Variables:
JAVA_HOME=C:\Program Files\Java\jdk-11.0.18
CLASSPATH=C:\jail project\jcms\android\\gradle\wrapper\gradle-wrapper.jar
PATH=C:\jail project\jcms\android\node_modules\.bin;C:\jail project\jcms\node_modules\.bin;C:\jail project\node_modules\.bin;C:\node_modules\.bin;C:\Program Files\nodejs;C:\jail project\jcms\node_modules\.bin;C:\jail project\jcms\node_modules\.bin;C:\jail project\node_modules\.bin;C:\node_modules\.bin;C:\Program Files\nodejs\node_modules\npm\node_modules\@npmcli\run-script\lib\node-gyp-bin;C:\Program Files (x86)\Common Files\Oracle\Java\javapath;C:\Program Files\NVIDIA GPU Computing Toolkit\CUDA\v10.0\bin;C:\Program Files\NVIDIA GPU Computing Toolkit\CUDA\v10.0\libnvvp;C:\Program Files\Python37\Scripts\;C:\Program Files\Python37\;C:\Windows\system32;C:\Windows;C:\Windows\System32\Wbem;C:\Windows\System32\WindowsPowerShell\v1.0\;C:\Windows\System32\OpenSSH\;C:\Program Files\PuTTY\;C:\Program Files\Git\cmd;C:\Program Files (x86)\NVIDIA Corporation\PhysX\Common;C:\Program Files\NVIDIA Corporation\NVIDIA NvDLISR;C:\WINDOWS\system32;C:\WINDOWS;C:\WINDOWS\System32\Wbem;C:\WINDOWS\System32\WindowsPowerShell\v1.0\;C:\WINDOWS\System32\OpenSSH\;C:\Program Files\CMake\bin;C:\Program Files\nodejs\;C:\sqlite3;C:\Program Files\Java\jdk-1.8;C:\Users\Dtel\AppData\Local\Programs\Python\Python38\Scripts\;C:\Users\Dtel\AppData\Local\Programs\Python\Python38\;C:\Users\Dtel\AppData\Local\Programs\Python\Python36\Scripts\;C:\Users\Dtel\AppData\Local\Programs\Python\Python36\;C:\Users\Dtel\AppData\Local\Microsoft\WindowsApps;C:\Users\Dtel\Downloads\wget;C:\Users\Dtel\AppData\Local\Programs\Microsoft VS Code\bin;C:\Program Files\JetBrains\IntelliJ IDEA Community Edition 2023.1.2\bin;;C:\Users\Dtel\AppData\Roaming\npm;C:\Program Files\Java\jdk-1.8;
USERNAME=Dtel
OS=Windows_NT
PROCESSOR_IDENTIFIER=AMD64 Family 25 Model 80 Stepping 0, AuthenticAMD



---------------  S Y S T E M  ---------------

OS: Windows 11 , 64 bit Build 22621 (10.0.22621.1778)

CPU:total 12 (initial active 12) (12 cores per cpu, 2 threads per core) family 25 model 80 stepping 0 microcode 0x0, cmov, cx8, fxsr, mmx, sse, sse2, sse3, ssse3, sse4.1, sse4.2, popcnt, avx, avx2, aes, clmul, erms, mmxext, 3dnowpref, lzcnt, sse4a, ht, tsc, tscinvbit, tscinv, bmi1, bmi2,

Memory: 4k page, system-wide physical 7521M (252M free)
TotalPageFile size 31073M (AvailPageFile size 5M)
current process WorkingSet (physical memory assigned to process): 341M, peak: 344M
current process commit charge ("private bytes"): 399M, peak: 402M

vm_info: Java HotSpot(TM) 64-Bit Server VM (11.0.18+9-LTS-195) for windows-amd64 JRE (11.0.18+9-LTS-195), built on Dec  6 2022 15:50:58 by "mach5one" with MS VC++ 17.1 (VS2022)

END.
